<?xml version="1.0" encoding="UTF-8"?>
<testsuite xmlns:xsi="http://www.w3.org/2001/XMLSchema-instance" xsi:noNamespaceSchemaLocation="https://maven.apache.org/surefire/maven-surefire-plugin/xsd/surefire-test-report-3.0.xsd" version="3.0" name="tech.sgcor.hng.user.UserIntegrationTest" time="30.885" tests="6" errors="0" skipped="0" failures="0">
  <properties>
    <property name="java.specification.version" value="20"/>
    <property name="sun.jnu.encoding" value="UTF-8"/>
    <property name="java.class.path" value="/home/seguser/Lurldgbodex/HNG/web/backend/HNG-Stage-2/target/test-classes:/home/seguser/Lurldgbodex/HNG/web/backend/HNG-Stage-2/target/classes:/home/seguser/.m2/repository/org/springframework/boot/spring-boot-starter-data-jpa/3.3.1/spring-boot-starter-data-jpa-3.3.1.jar:/home/seguser/.m2/repository/org/springframework/boot/spring-boot-starter-aop/3.3.1/spring-boot-starter-aop-3.3.1.jar:/home/seguser/.m2/repository/org/aspectj/aspectjweaver/1.9.22/aspectjweaver-1.9.22.jar:/home/seguser/.m2/repository/org/springframework/boot/spring-boot-starter-jdbc/3.3.1/spring-boot-starter-jdbc-3.3.1.jar:/home/seguser/.m2/repository/com/zaxxer/HikariCP/5.1.0/HikariCP-5.1.0.jar:/home/seguser/.m2/repository/org/springframework/spring-jdbc/6.1.10/spring-jdbc-6.1.10.jar:/home/seguser/.m2/repository/org/hibernate/orm/hibernate-core/6.5.2.Final/hibernate-core-6.5.2.Final.jar:/home/seguser/.m2/repository/jakarta/persistence/jakarta.persistence-api/3.1.0/jakarta.persistence-api-3.1.0.jar:/home/seguser/.m2/repository/jakarta/transaction/jakarta.transaction-api/2.0.1/jakarta.transaction-api-2.0.1.jar:/home/seguser/.m2/repository/org/jboss/logging/jboss-logging/3.5.3.Final/jboss-logging-3.5.3.Final.jar:/home/seguser/.m2/repository/org/hibernate/common/hibernate-commons-annotations/6.0.6.Final/hibernate-commons-annotations-6.0.6.Final.jar:/home/seguser/.m2/repository/io/smallrye/jandex/3.1.2/jandex-3.1.2.jar:/home/seguser/.m2/repository/com/fasterxml/classmate/1.7.0/classmate-1.7.0.jar:/home/seguser/.m2/repository/net/bytebuddy/byte-buddy/1.14.17/byte-buddy-1.14.17.jar:/home/seguser/.m2/repository/org/glassfish/jaxb/jaxb-runtime/4.0.5/jaxb-runtime-4.0.5.jar:/home/seguser/.m2/repository/org/glassfish/jaxb/jaxb-core/4.0.5/jaxb-core-4.0.5.jar:/home/seguser/.m2/repository/org/eclipse/angus/angus-activation/2.0.2/angus-activation-2.0.2.jar:/home/seguser/.m2/repository/org/glassfish/jaxb/txw2/4.0.5/txw2-4.0.5.jar:/home/seguser/.m2/repository/com/sun/istack/istack-commons-runtime/4.1.2/istack-commons-runtime-4.1.2.jar:/home/seguser/.m2/repository/jakarta/inject/jakarta.inject-api/2.0.1/jakarta.inject-api-2.0.1.jar:/home/seguser/.m2/repository/org/antlr/antlr4-runtime/4.13.0/antlr4-runtime-4.13.0.jar:/home/seguser/.m2/repository/org/springframework/data/spring-data-jpa/3.3.1/spring-data-jpa-3.3.1.jar:/home/seguser/.m2/repository/org/springframework/data/spring-data-commons/3.3.1/spring-data-commons-3.3.1.jar:/home/seguser/.m2/repository/org/springframework/spring-orm/6.1.10/spring-orm-6.1.10.jar:/home/seguser/.m2/repository/org/springframework/spring-context/6.1.10/spring-context-6.1.10.jar:/home/seguser/.m2/repository/org/springframework/spring-tx/6.1.10/spring-tx-6.1.10.jar:/home/seguser/.m2/repository/org/springframework/spring-beans/6.1.10/spring-beans-6.1.10.jar:/home/seguser/.m2/repository/jakarta/annotation/jakarta.annotation-api/2.1.1/jakarta.annotation-api-2.1.1.jar:/home/seguser/.m2/repository/org/slf4j/slf4j-api/2.0.13/slf4j-api-2.0.13.jar:/home/seguser/.m2/repository/org/springframework/spring-aspects/6.1.10/spring-aspects-6.1.10.jar:/home/seguser/.m2/repository/org/springframework/boot/spring-boot-starter-security/3.3.1/spring-boot-starter-security-3.3.1.jar:/home/seguser/.m2/repository/org/springframework/boot/spring-boot-starter/3.3.1/spring-boot-starter-3.3.1.jar:/home/seguser/.m2/repository/org/springframework/boot/spring-boot/3.3.1/spring-boot-3.3.1.jar:/home/seguser/.m2/repository/org/springframework/boot/spring-boot-autoconfigure/3.3.1/spring-boot-autoconfigure-3.3.1.jar:/home/seguser/.m2/repository/org/springframework/boot/spring-boot-starter-logging/3.3.1/spring-boot-starter-logging-3.3.1.jar:/home/seguser/.m2/repository/ch/qos/logback/logback-classic/1.5.6/logback-classic-1.5.6.jar:/home/seguser/.m2/repository/ch/qos/logback/logback-core/1.5.6/logback-core-1.5.6.jar:/home/seguser/.m2/repository/org/apache/logging/log4j/log4j-to-slf4j/2.23.1/log4j-to-slf4j-2.23.1.jar:/home/seguser/.m2/repository/org/apache/logging/log4j/log4j-api/2.23.1/log4j-api-2.23.1.jar:/home/seguser/.m2/repository/org/slf4j/jul-to-slf4j/2.0.13/jul-to-slf4j-2.0.13.jar:/home/seguser/.m2/repository/org/yaml/snakeyaml/2.2/snakeyaml-2.2.jar:/home/seguser/.m2/repository/org/springframework/spring-aop/6.1.10/spring-aop-6.1.10.jar:/home/seguser/.m2/repository/org/springframework/security/spring-security-config/6.3.1/spring-security-config-6.3.1.jar:/home/seguser/.m2/repository/org/springframework/security/spring-security-web/6.3.1/spring-security-web-6.3.1.jar:/home/seguser/.m2/repository/org/springframework/spring-expression/6.1.10/spring-expression-6.1.10.jar:/home/seguser/.m2/repository/org/springframework/boot/spring-boot-starter-validation/3.3.1/spring-boot-starter-validation-3.3.1.jar:/home/seguser/.m2/repository/org/apache/tomcat/embed/tomcat-embed-el/10.1.25/tomcat-embed-el-10.1.25.jar:/home/seguser/.m2/repository/org/hibernate/validator/hibernate-validator/8.0.1.Final/hibernate-validator-8.0.1.Final.jar:/home/seguser/.m2/repository/jakarta/validation/jakarta.validation-api/3.0.2/jakarta.validation-api-3.0.2.jar:/home/seguser/.m2/repository/org/springframework/boot/spring-boot-starter-web/3.3.1/spring-boot-starter-web-3.3.1.jar:/home/seguser/.m2/repository/org/springframework/boot/spring-boot-starter-json/3.3.1/spring-boot-starter-json-3.3.1.jar:/home/seguser/.m2/repository/com/fasterxml/jackson/datatype/jackson-datatype-jdk8/2.17.1/jackson-datatype-jdk8-2.17.1.jar:/home/seguser/.m2/repository/com/fasterxml/jackson/datatype/jackson-datatype-jsr310/2.17.1/jackson-datatype-jsr310-2.17.1.jar:/home/seguser/.m2/repository/com/fasterxml/jackson/module/jackson-module-parameter-names/2.17.1/jackson-module-parameter-names-2.17.1.jar:/home/seguser/.m2/repository/org/springframework/boot/spring-boot-starter-tomcat/3.3.1/spring-boot-starter-tomcat-3.3.1.jar:/home/seguser/.m2/repository/org/apache/tomcat/embed/tomcat-embed-core/10.1.25/tomcat-embed-core-10.1.25.jar:/home/seguser/.m2/repository/org/apache/tomcat/embed/tomcat-embed-websocket/10.1.25/tomcat-embed-websocket-10.1.25.jar:/home/seguser/.m2/repository/org/springframework/spring-web/6.1.10/spring-web-6.1.10.jar:/home/seguser/.m2/repository/io/micrometer/micrometer-observation/1.13.1/micrometer-observation-1.13.1.jar:/home/seguser/.m2/repository/io/micrometer/micrometer-commons/1.13.1/micrometer-commons-1.13.1.jar:/home/seguser/.m2/repository/org/springframework/spring-webmvc/6.1.10/spring-webmvc-6.1.10.jar:/home/seguser/.m2/repository/org/postgresql/postgresql/42.7.3/postgresql-42.7.3.jar:/home/seguser/.m2/repository/org/checkerframework/checker-qual/3.42.0/checker-qual-3.42.0.jar:/home/seguser/.m2/repository/com/microsoft/sqlserver/mssql-jdbc/12.6.2.jre11/mssql-jdbc-12.6.2.jre11.jar:/home/seguser/.m2/repository/io/jsonwebtoken/jjwt-api/0.12.6/jjwt-api-0.12.6.jar:/home/seguser/.m2/repository/io/jsonwebtoken/jjwt-impl/0.12.6/jjwt-impl-0.12.6.jar:/home/seguser/.m2/repository/io/jsonwebtoken/jjwt-jackson/0.12.6/jjwt-jackson-0.12.6.jar:/home/seguser/.m2/repository/com/fasterxml/jackson/core/jackson-databind/2.17.1/jackson-databind-2.17.1.jar:/home/seguser/.m2/repository/com/fasterxml/jackson/core/jackson-annotations/2.17.1/jackson-annotations-2.17.1.jar:/home/seguser/.m2/repository/com/fasterxml/jackson/core/jackson-core/2.17.1/jackson-core-2.17.1.jar:/home/seguser/.m2/repository/org/projectlombok/lombok/1.18.32/lombok-1.18.32.jar:/home/seguser/.m2/repository/org/springframework/boot/spring-boot-starter-test/3.3.1/spring-boot-starter-test-3.3.1.jar:/home/seguser/.m2/repository/org/springframework/boot/spring-boot-test/3.3.1/spring-boot-test-3.3.1.jar:/home/seguser/.m2/repository/org/springframework/boot/spring-boot-test-autoconfigure/3.3.1/spring-boot-test-autoconfigure-3.3.1.jar:/home/seguser/.m2/repository/com/jayway/jsonpath/json-path/2.9.0/json-path-2.9.0.jar:/home/seguser/.m2/repository/jakarta/xml/bind/jakarta.xml.bind-api/4.0.2/jakarta.xml.bind-api-4.0.2.jar:/home/seguser/.m2/repository/jakarta/activation/jakarta.activation-api/2.1.3/jakarta.activation-api-2.1.3.jar:/home/seguser/.m2/repository/net/minidev/json-smart/2.5.1/json-smart-2.5.1.jar:/home/seguser/.m2/repository/net/minidev/accessors-smart/2.5.1/accessors-smart-2.5.1.jar:/home/seguser/.m2/repository/org/ow2/asm/asm/9.6/asm-9.6.jar:/home/seguser/.m2/repository/org/assertj/assertj-core/3.25.3/assertj-core-3.25.3.jar:/home/seguser/.m2/repository/org/awaitility/awaitility/4.2.1/awaitility-4.2.1.jar:/home/seguser/.m2/repository/org/hamcrest/hamcrest/2.2/hamcrest-2.2.jar:/home/seguser/.m2/repository/org/junit/jupiter/junit-jupiter/5.10.2/junit-jupiter-5.10.2.jar:/home/seguser/.m2/repository/org/junit/jupiter/junit-jupiter-api/5.10.2/junit-jupiter-api-5.10.2.jar:/home/seguser/.m2/repository/org/opentest4j/opentest4j/1.3.0/opentest4j-1.3.0.jar:/home/seguser/.m2/repository/org/junit/platform/junit-platform-commons/1.10.2/junit-platform-commons-1.10.2.jar:/home/seguser/.m2/repository/org/apiguardian/apiguardian-api/1.1.2/apiguardian-api-1.1.2.jar:/home/seguser/.m2/repository/org/junit/jupiter/junit-jupiter-params/5.10.2/junit-jupiter-params-5.10.2.jar:/home/seguser/.m2/repository/org/junit/jupiter/junit-jupiter-engine/5.10.2/junit-jupiter-engine-5.10.2.jar:/home/seguser/.m2/repository/org/junit/platform/junit-platform-engine/1.10.2/junit-platform-engine-1.10.2.jar:/home/seguser/.m2/repository/org/mockito/mockito-core/5.11.0/mockito-core-5.11.0.jar:/home/seguser/.m2/repository/net/bytebuddy/byte-buddy-agent/1.14.17/byte-buddy-agent-1.14.17.jar:/home/seguser/.m2/repository/org/objenesis/objenesis/3.3/objenesis-3.3.jar:/home/seguser/.m2/repository/org/mockito/mockito-junit-jupiter/5.11.0/mockito-junit-jupiter-5.11.0.jar:/home/seguser/.m2/repository/org/skyscreamer/jsonassert/1.5.1/jsonassert-1.5.1.jar:/home/seguser/.m2/repository/com/vaadin/external/google/android-json/0.0.20131108.vaadin1/android-json-0.0.20131108.vaadin1.jar:/home/seguser/.m2/repository/org/springframework/spring-core/6.1.10/spring-core-6.1.10.jar:/home/seguser/.m2/repository/org/springframework/spring-jcl/6.1.10/spring-jcl-6.1.10.jar:/home/seguser/.m2/repository/org/springframework/spring-test/6.1.10/spring-test-6.1.10.jar:/home/seguser/.m2/repository/org/xmlunit/xmlunit-core/2.9.1/xmlunit-core-2.9.1.jar:/home/seguser/.m2/repository/org/springframework/security/spring-security-test/6.3.1/spring-security-test-6.3.1.jar:/home/seguser/.m2/repository/org/springframework/security/spring-security-core/6.3.1/spring-security-core-6.3.1.jar:/home/seguser/.m2/repository/org/springframework/security/spring-security-crypto/6.3.1/spring-security-crypto-6.3.1.jar:/home/seguser/.m2/repository/com/h2database/h2/2.2.224/h2-2.2.224.jar:"/>
    <property name="java.vm.vendor" value="Oracle Corporation"/>
    <property name="sun.arch.data.model" value="64"/>
    <property name="java.vendor.url" value="https://java.oracle.com/"/>
    <property name="catalina.useNaming" value="false"/>
    <property name="user.timezone" value="Africa/Lagos"/>
    <property name="org.jboss.logging.provider" value="slf4j"/>
    <property name="os.name" value="Linux"/>
    <property name="java.vm.specification.version" value="20"/>
    <property name="sun.java.launcher" value="SUN_STANDARD"/>
    <property name="user.country" value="NG"/>
    <property name="sun.boot.library.path" value="/usr/lib/jvm/jdk-20/lib"/>
    <property name="sun.java.command" value="/home/seguser/Lurldgbodex/HNG/web/backend/HNG-Stage-2/target/surefire/surefirebooter-20240708070617192_3.jar /home/seguser/Lurldgbodex/HNG/web/backend/HNG-Stage-2/target/surefire 2024-07-08T07-06-16_347-jvmRun1 surefire-20240708070617192_1tmp surefire_0-20240708070617192_2tmp"/>
    <property name="jdk.debug" value="release"/>
    <property name="surefire.test.class.path" value="/home/seguser/Lurldgbodex/HNG/web/backend/HNG-Stage-2/target/test-classes:/home/seguser/Lurldgbodex/HNG/web/backend/HNG-Stage-2/target/classes:/home/seguser/.m2/repository/org/springframework/boot/spring-boot-starter-data-jpa/3.3.1/spring-boot-starter-data-jpa-3.3.1.jar:/home/seguser/.m2/repository/org/springframework/boot/spring-boot-starter-aop/3.3.1/spring-boot-starter-aop-3.3.1.jar:/home/seguser/.m2/repository/org/aspectj/aspectjweaver/1.9.22/aspectjweaver-1.9.22.jar:/home/seguser/.m2/repository/org/springframework/boot/spring-boot-starter-jdbc/3.3.1/spring-boot-starter-jdbc-3.3.1.jar:/home/seguser/.m2/repository/com/zaxxer/HikariCP/5.1.0/HikariCP-5.1.0.jar:/home/seguser/.m2/repository/org/springframework/spring-jdbc/6.1.10/spring-jdbc-6.1.10.jar:/home/seguser/.m2/repository/org/hibernate/orm/hibernate-core/6.5.2.Final/hibernate-core-6.5.2.Final.jar:/home/seguser/.m2/repository/jakarta/persistence/jakarta.persistence-api/3.1.0/jakarta.persistence-api-3.1.0.jar:/home/seguser/.m2/repository/jakarta/transaction/jakarta.transaction-api/2.0.1/jakarta.transaction-api-2.0.1.jar:/home/seguser/.m2/repository/org/jboss/logging/jboss-logging/3.5.3.Final/jboss-logging-3.5.3.Final.jar:/home/seguser/.m2/repository/org/hibernate/common/hibernate-commons-annotations/6.0.6.Final/hibernate-commons-annotations-6.0.6.Final.jar:/home/seguser/.m2/repository/io/smallrye/jandex/3.1.2/jandex-3.1.2.jar:/home/seguser/.m2/repository/com/fasterxml/classmate/1.7.0/classmate-1.7.0.jar:/home/seguser/.m2/repository/net/bytebuddy/byte-buddy/1.14.17/byte-buddy-1.14.17.jar:/home/seguser/.m2/repository/org/glassfish/jaxb/jaxb-runtime/4.0.5/jaxb-runtime-4.0.5.jar:/home/seguser/.m2/repository/org/glassfish/jaxb/jaxb-core/4.0.5/jaxb-core-4.0.5.jar:/home/seguser/.m2/repository/org/eclipse/angus/angus-activation/2.0.2/angus-activation-2.0.2.jar:/home/seguser/.m2/repository/org/glassfish/jaxb/txw2/4.0.5/txw2-4.0.5.jar:/home/seguser/.m2/repository/com/sun/istack/istack-commons-runtime/4.1.2/istack-commons-runtime-4.1.2.jar:/home/seguser/.m2/repository/jakarta/inject/jakarta.inject-api/2.0.1/jakarta.inject-api-2.0.1.jar:/home/seguser/.m2/repository/org/antlr/antlr4-runtime/4.13.0/antlr4-runtime-4.13.0.jar:/home/seguser/.m2/repository/org/springframework/data/spring-data-jpa/3.3.1/spring-data-jpa-3.3.1.jar:/home/seguser/.m2/repository/org/springframework/data/spring-data-commons/3.3.1/spring-data-commons-3.3.1.jar:/home/seguser/.m2/repository/org/springframework/spring-orm/6.1.10/spring-orm-6.1.10.jar:/home/seguser/.m2/repository/org/springframework/spring-context/6.1.10/spring-context-6.1.10.jar:/home/seguser/.m2/repository/org/springframework/spring-tx/6.1.10/spring-tx-6.1.10.jar:/home/seguser/.m2/repository/org/springframework/spring-beans/6.1.10/spring-beans-6.1.10.jar:/home/seguser/.m2/repository/jakarta/annotation/jakarta.annotation-api/2.1.1/jakarta.annotation-api-2.1.1.jar:/home/seguser/.m2/repository/org/slf4j/slf4j-api/2.0.13/slf4j-api-2.0.13.jar:/home/seguser/.m2/repository/org/springframework/spring-aspects/6.1.10/spring-aspects-6.1.10.jar:/home/seguser/.m2/repository/org/springframework/boot/spring-boot-starter-security/3.3.1/spring-boot-starter-security-3.3.1.jar:/home/seguser/.m2/repository/org/springframework/boot/spring-boot-starter/3.3.1/spring-boot-starter-3.3.1.jar:/home/seguser/.m2/repository/org/springframework/boot/spring-boot/3.3.1/spring-boot-3.3.1.jar:/home/seguser/.m2/repository/org/springframework/boot/spring-boot-autoconfigure/3.3.1/spring-boot-autoconfigure-3.3.1.jar:/home/seguser/.m2/repository/org/springframework/boot/spring-boot-starter-logging/3.3.1/spring-boot-starter-logging-3.3.1.jar:/home/seguser/.m2/repository/ch/qos/logback/logback-classic/1.5.6/logback-classic-1.5.6.jar:/home/seguser/.m2/repository/ch/qos/logback/logback-core/1.5.6/logback-core-1.5.6.jar:/home/seguser/.m2/repository/org/apache/logging/log4j/log4j-to-slf4j/2.23.1/log4j-to-slf4j-2.23.1.jar:/home/seguser/.m2/repository/org/apache/logging/log4j/log4j-api/2.23.1/log4j-api-2.23.1.jar:/home/seguser/.m2/repository/org/slf4j/jul-to-slf4j/2.0.13/jul-to-slf4j-2.0.13.jar:/home/seguser/.m2/repository/org/yaml/snakeyaml/2.2/snakeyaml-2.2.jar:/home/seguser/.m2/repository/org/springframework/spring-aop/6.1.10/spring-aop-6.1.10.jar:/home/seguser/.m2/repository/org/springframework/security/spring-security-config/6.3.1/spring-security-config-6.3.1.jar:/home/seguser/.m2/repository/org/springframework/security/spring-security-web/6.3.1/spring-security-web-6.3.1.jar:/home/seguser/.m2/repository/org/springframework/spring-expression/6.1.10/spring-expression-6.1.10.jar:/home/seguser/.m2/repository/org/springframework/boot/spring-boot-starter-validation/3.3.1/spring-boot-starter-validation-3.3.1.jar:/home/seguser/.m2/repository/org/apache/tomcat/embed/tomcat-embed-el/10.1.25/tomcat-embed-el-10.1.25.jar:/home/seguser/.m2/repository/org/hibernate/validator/hibernate-validator/8.0.1.Final/hibernate-validator-8.0.1.Final.jar:/home/seguser/.m2/repository/jakarta/validation/jakarta.validation-api/3.0.2/jakarta.validation-api-3.0.2.jar:/home/seguser/.m2/repository/org/springframework/boot/spring-boot-starter-web/3.3.1/spring-boot-starter-web-3.3.1.jar:/home/seguser/.m2/repository/org/springframework/boot/spring-boot-starter-json/3.3.1/spring-boot-starter-json-3.3.1.jar:/home/seguser/.m2/repository/com/fasterxml/jackson/datatype/jackson-datatype-jdk8/2.17.1/jackson-datatype-jdk8-2.17.1.jar:/home/seguser/.m2/repository/com/fasterxml/jackson/datatype/jackson-datatype-jsr310/2.17.1/jackson-datatype-jsr310-2.17.1.jar:/home/seguser/.m2/repository/com/fasterxml/jackson/module/jackson-module-parameter-names/2.17.1/jackson-module-parameter-names-2.17.1.jar:/home/seguser/.m2/repository/org/springframework/boot/spring-boot-starter-tomcat/3.3.1/spring-boot-starter-tomcat-3.3.1.jar:/home/seguser/.m2/repository/org/apache/tomcat/embed/tomcat-embed-core/10.1.25/tomcat-embed-core-10.1.25.jar:/home/seguser/.m2/repository/org/apache/tomcat/embed/tomcat-embed-websocket/10.1.25/tomcat-embed-websocket-10.1.25.jar:/home/seguser/.m2/repository/org/springframework/spring-web/6.1.10/spring-web-6.1.10.jar:/home/seguser/.m2/repository/io/micrometer/micrometer-observation/1.13.1/micrometer-observation-1.13.1.jar:/home/seguser/.m2/repository/io/micrometer/micrometer-commons/1.13.1/micrometer-commons-1.13.1.jar:/home/seguser/.m2/repository/org/springframework/spring-webmvc/6.1.10/spring-webmvc-6.1.10.jar:/home/seguser/.m2/repository/org/postgresql/postgresql/42.7.3/postgresql-42.7.3.jar:/home/seguser/.m2/repository/org/checkerframework/checker-qual/3.42.0/checker-qual-3.42.0.jar:/home/seguser/.m2/repository/com/microsoft/sqlserver/mssql-jdbc/12.6.2.jre11/mssql-jdbc-12.6.2.jre11.jar:/home/seguser/.m2/repository/io/jsonwebtoken/jjwt-api/0.12.6/jjwt-api-0.12.6.jar:/home/seguser/.m2/repository/io/jsonwebtoken/jjwt-impl/0.12.6/jjwt-impl-0.12.6.jar:/home/seguser/.m2/repository/io/jsonwebtoken/jjwt-jackson/0.12.6/jjwt-jackson-0.12.6.jar:/home/seguser/.m2/repository/com/fasterxml/jackson/core/jackson-databind/2.17.1/jackson-databind-2.17.1.jar:/home/seguser/.m2/repository/com/fasterxml/jackson/core/jackson-annotations/2.17.1/jackson-annotations-2.17.1.jar:/home/seguser/.m2/repository/com/fasterxml/jackson/core/jackson-core/2.17.1/jackson-core-2.17.1.jar:/home/seguser/.m2/repository/org/projectlombok/lombok/1.18.32/lombok-1.18.32.jar:/home/seguser/.m2/repository/org/springframework/boot/spring-boot-starter-test/3.3.1/spring-boot-starter-test-3.3.1.jar:/home/seguser/.m2/repository/org/springframework/boot/spring-boot-test/3.3.1/spring-boot-test-3.3.1.jar:/home/seguser/.m2/repository/org/springframework/boot/spring-boot-test-autoconfigure/3.3.1/spring-boot-test-autoconfigure-3.3.1.jar:/home/seguser/.m2/repository/com/jayway/jsonpath/json-path/2.9.0/json-path-2.9.0.jar:/home/seguser/.m2/repository/jakarta/xml/bind/jakarta.xml.bind-api/4.0.2/jakarta.xml.bind-api-4.0.2.jar:/home/seguser/.m2/repository/jakarta/activation/jakarta.activation-api/2.1.3/jakarta.activation-api-2.1.3.jar:/home/seguser/.m2/repository/net/minidev/json-smart/2.5.1/json-smart-2.5.1.jar:/home/seguser/.m2/repository/net/minidev/accessors-smart/2.5.1/accessors-smart-2.5.1.jar:/home/seguser/.m2/repository/org/ow2/asm/asm/9.6/asm-9.6.jar:/home/seguser/.m2/repository/org/assertj/assertj-core/3.25.3/assertj-core-3.25.3.jar:/home/seguser/.m2/repository/org/awaitility/awaitility/4.2.1/awaitility-4.2.1.jar:/home/seguser/.m2/repository/org/hamcrest/hamcrest/2.2/hamcrest-2.2.jar:/home/seguser/.m2/repository/org/junit/jupiter/junit-jupiter/5.10.2/junit-jupiter-5.10.2.jar:/home/seguser/.m2/repository/org/junit/jupiter/junit-jupiter-api/5.10.2/junit-jupiter-api-5.10.2.jar:/home/seguser/.m2/repository/org/opentest4j/opentest4j/1.3.0/opentest4j-1.3.0.jar:/home/seguser/.m2/repository/org/junit/platform/junit-platform-commons/1.10.2/junit-platform-commons-1.10.2.jar:/home/seguser/.m2/repository/org/apiguardian/apiguardian-api/1.1.2/apiguardian-api-1.1.2.jar:/home/seguser/.m2/repository/org/junit/jupiter/junit-jupiter-params/5.10.2/junit-jupiter-params-5.10.2.jar:/home/seguser/.m2/repository/org/junit/jupiter/junit-jupiter-engine/5.10.2/junit-jupiter-engine-5.10.2.jar:/home/seguser/.m2/repository/org/junit/platform/junit-platform-engine/1.10.2/junit-platform-engine-1.10.2.jar:/home/seguser/.m2/repository/org/mockito/mockito-core/5.11.0/mockito-core-5.11.0.jar:/home/seguser/.m2/repository/net/bytebuddy/byte-buddy-agent/1.14.17/byte-buddy-agent-1.14.17.jar:/home/seguser/.m2/repository/org/objenesis/objenesis/3.3/objenesis-3.3.jar:/home/seguser/.m2/repository/org/mockito/mockito-junit-jupiter/5.11.0/mockito-junit-jupiter-5.11.0.jar:/home/seguser/.m2/repository/org/skyscreamer/jsonassert/1.5.1/jsonassert-1.5.1.jar:/home/seguser/.m2/repository/com/vaadin/external/google/android-json/0.0.20131108.vaadin1/android-json-0.0.20131108.vaadin1.jar:/home/seguser/.m2/repository/org/springframework/spring-core/6.1.10/spring-core-6.1.10.jar:/home/seguser/.m2/repository/org/springframework/spring-jcl/6.1.10/spring-jcl-6.1.10.jar:/home/seguser/.m2/repository/org/springframework/spring-test/6.1.10/spring-test-6.1.10.jar:/home/seguser/.m2/repository/org/xmlunit/xmlunit-core/2.9.1/xmlunit-core-2.9.1.jar:/home/seguser/.m2/repository/org/springframework/security/spring-security-test/6.3.1/spring-security-test-6.3.1.jar:/home/seguser/.m2/repository/org/springframework/security/spring-security-core/6.3.1/spring-security-core-6.3.1.jar:/home/seguser/.m2/repository/org/springframework/security/spring-security-crypto/6.3.1/spring-security-crypto-6.3.1.jar:/home/seguser/.m2/repository/com/h2database/h2/2.2.224/h2-2.2.224.jar:"/>
    <property name="sun.cpu.endian" value="little"/>
    <property name="user.home" value="/home/seguser"/>
    <property name="user.language" value="en"/>
    <property name="java.specification.vendor" value="Oracle Corporation"/>
    <property name="java.version.date" value="2023-07-18"/>
    <property name="java.home" value="/usr/lib/jvm/jdk-20"/>
    <property name="file.separator" value="/"/>
    <property name="basedir" value="/home/seguser/Lurldgbodex/HNG/web/backend/HNG-Stage-2"/>
    <property name="java.vm.compressedOopsMode" value="32-bit"/>
    <property name="line.separator" value="&#10;"/>
    <property name="java.vm.specification.vendor" value="Oracle Corporation"/>
    <property name="java.specification.name" value="Java Platform API Specification"/>
    <property name="FILE_LOG_CHARSET" value="UTF-8"/>
    <property name="java.awt.headless" value="true"/>
    <property name="surefire.real.class.path" value="/home/seguser/Lurldgbodex/HNG/web/backend/HNG-Stage-2/target/surefire/surefirebooter-20240708070617192_3.jar"/>
    <property name="sun.management.compiler" value="HotSpot 64-Bit Tiered Compilers"/>
    <property name="java.runtime.version" value="20.0.2+9-78"/>
    <property name="user.name" value="seguser"/>
    <property name="stdout.encoding" value="UTF-8"/>
    <property name="path.separator" value=":"/>
    <property name="os.version" value="6.5.0-14-generic"/>
    <property name="java.runtime.name" value="Java(TM) SE Runtime Environment"/>
    <property name="file.encoding" value="UTF-8"/>
    <property name="java.vm.name" value="Java HotSpot(TM) 64-Bit Server VM"/>
    <property name="localRepository" value="/home/seguser/.m2/repository"/>
    <property name="java.vendor.url.bug" value="https://bugreport.java.com/bugreport/"/>
    <property name="java.io.tmpdir" value="/tmp"/>
    <property name="com.zaxxer.hikari.pool_number" value="1"/>
    <property name="catalina.home" value="/tmp/tomcat.0.14917477121437667055"/>
    <property name="java.version" value="20.0.2"/>
    <property name="user.dir" value="/home/seguser/Lurldgbodex/HNG/web/backend/HNG-Stage-2"/>
    <property name="os.arch" value="amd64"/>
    <property name="java.vm.specification.name" value="Java Virtual Machine Specification"/>
    <property name="PID" value="114288"/>
    <property name="CONSOLE_LOG_CHARSET" value="UTF-8"/>
    <property name="catalina.base" value="/tmp/tomcat.0.5371266456258691308"/>
    <property name="native.encoding" value="UTF-8"/>
    <property name="java.library.path" value="/usr/java/packages/lib:/usr/lib64:/lib64:/lib:/usr/lib"/>
    <property name="java.vm.info" value="mixed mode, sharing"/>
    <property name="stderr.encoding" value="UTF-8"/>
    <property name="java.vendor" value="Oracle Corporation"/>
    <property name="java.vm.version" value="20.0.2+9-78"/>
    <property name="sun.io.unicode.encoding" value="UnicodeLittle"/>
    <property name="java.class.version" value="64.0"/>
    <property name="LOGGED_APPLICATION_NAME" value="[HNG-Stage-2] "/>
  </properties>
  <testcase name="shouldGetOwnDetailsById" classname="tech.sgcor.hng.user.UserIntegrationTest" time="2.342">
    <system-out><![CDATA[2024-07-08T07:06:51.213+01:00  INFO 114288 --- [HNG-Stage-2] [           main] t.c.s.AnnotationConfigContextLoaderUtils : Could not detect default configuration classes for test class [tech.sgcor.hng.user.UserIntegrationTest]: UserIntegrationTest does not declare any static, non-private, non-final, nested classes annotated with @Configuration.
2024-07-08T07:06:51.431+01:00  INFO 114288 --- [HNG-Stage-2] [           main] .b.t.c.SpringBootTestContextBootstrapper : Found @SpringBootConfiguration tech.sgcor.hng.HngStage2Application for test class tech.sgcor.hng.user.UserIntegrationTest

  .   ____          _            __ _ _
 /\\ / ___'_ __ _ _(_)_ __  __ _ \ \ \ \
( ( )\___ | '_ | '_| | '_ \/ _` | \ \ \ \
 \\/  ___)| |_)| | | | | || (_| |  ) ) ) )
  '  |____| .__|_| |_|_| |_\__, | / / / /
 =========|_|==============|___/=/_/_/_/

 :: Spring Boot ::                (v3.3.1)

2024-07-08T07:06:52.436+01:00  INFO 114288 --- [HNG-Stage-2] [           main] t.sgcor.hng.user.UserIntegrationTest     : Starting UserIntegrationTest using Java 20.0.2 with PID 114288 (started by seguser in /home/seguser/Lurldgbodex/HNG/web/backend/HNG-Stage-2)
2024-07-08T07:06:52.436+01:00  INFO 114288 --- [HNG-Stage-2] [           main] t.sgcor.hng.user.UserIntegrationTest     : No active profile set, falling back to 1 default profile: "default"
2024-07-08T07:06:56.613+01:00  INFO 114288 --- [HNG-Stage-2] [           main] .s.d.r.c.RepositoryConfigurationDelegate : Bootstrapping Spring Data JPA repositories in DEFAULT mode.
2024-07-08T07:06:56.885+01:00  INFO 114288 --- [HNG-Stage-2] [           main] .s.d.r.c.RepositoryConfigurationDelegate : Finished Spring Data repository scanning in 270 ms. Found 2 JPA repository interfaces.
2024-07-08T07:06:57.375+01:00  INFO 114288 --- [HNG-Stage-2] [           main] beddedDataSourceBeanFactoryPostProcessor : Replacing 'dataSource' DataSource bean with embedded version
2024-07-08T07:06:58.848+01:00  INFO 114288 --- [HNG-Stage-2] [           main] o.s.b.w.embedded.tomcat.TomcatWebServer  : Tomcat initialized with port 0 (http)
2024-07-08T07:06:58.912+01:00  INFO 114288 --- [HNG-Stage-2] [           main] o.apache.catalina.core.StandardService   : Starting service [Tomcat]
2024-07-08T07:06:58.913+01:00  INFO 114288 --- [HNG-Stage-2] [           main] o.apache.catalina.core.StandardEngine    : Starting Servlet engine: [Apache Tomcat/10.1.25]
2024-07-08T07:06:59.064+01:00  INFO 114288 --- [HNG-Stage-2] [           main] o.a.c.c.C.[Tomcat].[localhost].[/]       : Initializing Spring embedded WebApplicationContext
2024-07-08T07:06:59.065+01:00  INFO 114288 --- [HNG-Stage-2] [           main] w.s.c.ServletWebServerApplicationContext : Root WebApplicationContext: initialization completed in 6622 ms
2024-07-08T07:06:59.253+01:00  INFO 114288 --- [HNG-Stage-2] [           main] o.s.j.d.e.EmbeddedDatabaseFactory        : Starting embedded database: url='jdbc:h2:mem:1dafd9e1-18c2-42c9-9479-f996bb7286c9;DB_CLOSE_DELAY=-1;DB_CLOSE_ON_EXIT=false', username='sa'
2024-07-08T07:06:59.416+01:00  INFO 114288 --- [HNG-Stage-2] [           main] o.hibernate.jpa.internal.util.LogHelper  : HHH000204: Processing PersistenceUnitInfo [name: default]
2024-07-08T07:06:59.460+01:00  INFO 114288 --- [HNG-Stage-2] [           main] o.h.c.internal.RegionFactoryInitiator    : HHH000026: Second-level cache disabled
2024-07-08T07:06:59.531+01:00  INFO 114288 --- [HNG-Stage-2] [           main] o.s.o.j.p.SpringPersistenceUnitInfo      : No LoadTimeWeaver setup: ignoring JPA class transformer
2024-07-08T07:07:00.049+01:00  INFO 114288 --- [HNG-Stage-2] [           main] o.h.e.t.j.p.i.JtaPlatformInitiator       : HHH000489: No JTA platform available (set 'hibernate.transaction.jta.platform' to enable JTA platform integration)
2024-07-08T07:07:00.099+01:00  INFO 114288 --- [HNG-Stage-2] [           main] j.LocalContainerEntityManagerFactoryBean : Initialized JPA EntityManagerFactory for persistence unit 'default'
2024-07-08T07:07:00.612+01:00  WARN 114288 --- [HNG-Stage-2] [           main] JpaBaseConfiguration$JpaWebConfiguration : spring.jpa.open-in-view is enabled by default. Therefore, database queries may be performed during view rendering. Explicitly configure spring.jpa.open-in-view to disable this warning
2024-07-08T07:07:00.646+01:00  INFO 114288 --- [HNG-Stage-2] [           main] eAuthenticationProviderManagerConfigurer : Global AuthenticationManager configured with AuthenticationProvider bean with name authProvider
2024-07-08T07:07:00.647+01:00  WARN 114288 --- [HNG-Stage-2] [           main] r$InitializeUserDetailsManagerConfigurer : Global AuthenticationManager configured with an AuthenticationProvider bean. UserDetailsService beans will not be used for username/password login. Consider removing the AuthenticationProvider bean. Alternatively, consider using the UserDetailsService in a manually instantiated DaoAuthenticationProvider.
2024-07-08T07:07:01.917+01:00  INFO 114288 --- [HNG-Stage-2] [           main] o.s.b.w.embedded.tomcat.TomcatWebServer  : Tomcat started on port 33387 (http) with context path '/'
2024-07-08T07:07:01.958+01:00  INFO 114288 --- [HNG-Stage-2] [           main] t.sgcor.hng.user.UserIntegrationTest     : Started UserIntegrationTest in 10.465 seconds (process running for 44.006)
2024-07-08T07:07:03.652+01:00  INFO 114288 --- [HNG-Stage-2] [o-auto-1-exec-1] o.a.c.c.C.[Tomcat].[localhost].[/]       : Initializing Spring DispatcherServlet 'dispatcherServlet'
2024-07-08T07:07:03.654+01:00  INFO 114288 --- [HNG-Stage-2] [o-auto-1-exec-1] o.s.web.servlet.DispatcherServlet        : Initializing Servlet 'dispatcherServlet'
2024-07-08T07:07:03.663+01:00  INFO 114288 --- [HNG-Stage-2] [o-auto-1-exec-1] o.s.web.servlet.DispatcherServlet        : Completed initialization in 7 ms
2024-07-08T07:07:04.298+01:00  INFO 114288 --- [HNG-Stage-2] [           main] j.LocalContainerEntityManagerFactoryBean : Closing JPA EntityManagerFactory for persistence unit 'default'
]]></system-out>
  </testcase>
  <testcase name="shouldNotRegisterUserWhenMissingFields" classname="tech.sgcor.hng.user.UserIntegrationTest" time="1.004">
    <system-out><![CDATA[
  .   ____          _            __ _ _
 /\\ / ___'_ __ _ _(_)_ __  __ _ \ \ \ \
( ( )\___ | '_ | '_| | '_ \/ _` | \ \ \ \
 \\/  ___)| |_)| | | | | || (_| |  ) ) ) )
  '  |____| .__|_| |_|_| |_\__, | / / / /
 =========|_|==============|___/=/_/_/_/

 :: Spring Boot ::                (v3.3.1)

2024-07-08T07:07:04.388+01:00  INFO 114288 --- [HNG-Stage-2] [           main] t.sgcor.hng.user.UserIntegrationTest     : Starting UserIntegrationTest using Java 20.0.2 with PID 114288 (started by seguser in /home/seguser/Lurldgbodex/HNG/web/backend/HNG-Stage-2)
2024-07-08T07:07:04.389+01:00  INFO 114288 --- [HNG-Stage-2] [           main] t.sgcor.hng.user.UserIntegrationTest     : No active profile set, falling back to 1 default profile: "default"
2024-07-08T07:07:05.144+01:00  INFO 114288 --- [HNG-Stage-2] [           main] .s.d.r.c.RepositoryConfigurationDelegate : Bootstrapping Spring Data JPA repositories in DEFAULT mode.
2024-07-08T07:07:05.167+01:00  INFO 114288 --- [HNG-Stage-2] [           main] .s.d.r.c.RepositoryConfigurationDelegate : Finished Spring Data repository scanning in 21 ms. Found 2 JPA repository interfaces.
2024-07-08T07:07:05.401+01:00  INFO 114288 --- [HNG-Stage-2] [           main] beddedDataSourceBeanFactoryPostProcessor : Replacing 'dataSource' DataSource bean with embedded version
2024-07-08T07:07:05.625+01:00  INFO 114288 --- [HNG-Stage-2] [           main] o.s.b.w.embedded.tomcat.TomcatWebServer  : Tomcat initialized with port 0 (http)
2024-07-08T07:07:05.631+01:00  INFO 114288 --- [HNG-Stage-2] [           main] o.apache.catalina.core.StandardService   : Starting service [Tomcat]
2024-07-08T07:07:05.633+01:00  INFO 114288 --- [HNG-Stage-2] [           main] o.apache.catalina.core.StandardEngine    : Starting Servlet engine: [Apache Tomcat/10.1.25]
2024-07-08T07:07:05.736+01:00  INFO 114288 --- [HNG-Stage-2] [           main] o.a.c.c.C.[Tomcat].[localhost].[/]       : Initializing Spring embedded WebApplicationContext
2024-07-08T07:07:05.737+01:00  INFO 114288 --- [HNG-Stage-2] [           main] w.s.c.ServletWebServerApplicationContext : Root WebApplicationContext: initialization completed in 1342 ms
2024-07-08T07:07:05.770+01:00  INFO 114288 --- [HNG-Stage-2] [           main] o.s.j.d.e.EmbeddedDatabaseFactory        : Starting embedded database: url='jdbc:h2:mem:7a046857-f9d1-4315-8653-3285c274be89;DB_CLOSE_DELAY=-1;DB_CLOSE_ON_EXIT=false', username='sa'
2024-07-08T07:07:05.857+01:00  INFO 114288 --- [HNG-Stage-2] [           main] o.hibernate.jpa.internal.util.LogHelper  : HHH000204: Processing PersistenceUnitInfo [name: default]
2024-07-08T07:07:05.862+01:00  INFO 114288 --- [HNG-Stage-2] [           main] o.h.c.internal.RegionFactoryInitiator    : HHH000026: Second-level cache disabled
2024-07-08T07:07:05.880+01:00  INFO 114288 --- [HNG-Stage-2] [           main] o.s.o.j.p.SpringPersistenceUnitInfo      : No LoadTimeWeaver setup: ignoring JPA class transformer
2024-07-08T07:07:06.252+01:00  INFO 114288 --- [HNG-Stage-2] [           main] o.h.e.t.j.p.i.JtaPlatformInitiator       : HHH000489: No JTA platform available (set 'hibernate.transaction.jta.platform' to enable JTA platform integration)
2024-07-08T07:07:06.315+01:00  INFO 114288 --- [HNG-Stage-2] [           main] j.LocalContainerEntityManagerFactoryBean : Initialized JPA EntityManagerFactory for persistence unit 'default'
2024-07-08T07:07:06.546+01:00  WARN 114288 --- [HNG-Stage-2] [           main] JpaBaseConfiguration$JpaWebConfiguration : spring.jpa.open-in-view is enabled by default. Therefore, database queries may be performed during view rendering. Explicitly configure spring.jpa.open-in-view to disable this warning
2024-07-08T07:07:06.568+01:00  INFO 114288 --- [HNG-Stage-2] [           main] eAuthenticationProviderManagerConfigurer : Global AuthenticationManager configured with AuthenticationProvider bean with name authProvider
2024-07-08T07:07:06.569+01:00  WARN 114288 --- [HNG-Stage-2] [           main] r$InitializeUserDetailsManagerConfigurer : Global AuthenticationManager configured with an AuthenticationProvider bean. UserDetailsService beans will not be used for username/password login. Consider removing the AuthenticationProvider bean. Alternatively, consider using the UserDetailsService in a manually instantiated DaoAuthenticationProvider.
2024-07-08T07:07:07.132+01:00  INFO 114288 --- [HNG-Stage-2] [           main] o.s.b.w.embedded.tomcat.TomcatWebServer  : Tomcat started on port 36071 (http) with context path '/'
2024-07-08T07:07:07.141+01:00  INFO 114288 --- [HNG-Stage-2] [           main] t.sgcor.hng.user.UserIntegrationTest     : Started UserIntegrationTest in 2.816 seconds (process running for 49.189)
2024-07-08T07:07:07.921+01:00  INFO 114288 --- [HNG-Stage-2] [o-auto-2-exec-1] o.a.c.c.C.[Tomcat].[localhost].[/]       : Initializing Spring DispatcherServlet 'dispatcherServlet'
2024-07-08T07:07:07.922+01:00  INFO 114288 --- [HNG-Stage-2] [o-auto-2-exec-1] o.s.web.servlet.DispatcherServlet        : Initializing Servlet 'dispatcherServlet'
2024-07-08T07:07:07.925+01:00  INFO 114288 --- [HNG-Stage-2] [o-auto-2-exec-1] o.s.web.servlet.DispatcherServlet        : Completed initialization in 3 ms
2024-07-08T07:07:08.149+01:00  INFO 114288 --- [HNG-Stage-2] [           main] j.LocalContainerEntityManagerFactoryBean : Closing JPA EntityManagerFactory for persistence unit 'default'
]]></system-out>
  </testcase>
  <testcase name="shouldNotRegisterWhenUserWithEmailExist" classname="tech.sgcor.hng.user.UserIntegrationTest" time="0.807">
    <system-out><![CDATA[
  .   ____          _            __ _ _
 /\\ / ___'_ __ _ _(_)_ __  __ _ \ \ \ \
( ( )\___ | '_ | '_| | '_ \/ _` | \ \ \ \
 \\/  ___)| |_)| | | | | || (_| |  ) ) ) )
  '  |____| .__|_| |_|_| |_\__, | / / / /
 =========|_|==============|___/=/_/_/_/

 :: Spring Boot ::                (v3.3.1)

2024-07-08T07:07:08.195+01:00  INFO 114288 --- [HNG-Stage-2] [           main] t.sgcor.hng.user.UserIntegrationTest     : Starting UserIntegrationTest using Java 20.0.2 with PID 114288 (started by seguser in /home/seguser/Lurldgbodex/HNG/web/backend/HNG-Stage-2)
2024-07-08T07:07:08.195+01:00  INFO 114288 --- [HNG-Stage-2] [           main] t.sgcor.hng.user.UserIntegrationTest     : No active profile set, falling back to 1 default profile: "default"
2024-07-08T07:07:08.594+01:00  INFO 114288 --- [HNG-Stage-2] [           main] .s.d.r.c.RepositoryConfigurationDelegate : Bootstrapping Spring Data JPA repositories in DEFAULT mode.
2024-07-08T07:07:08.616+01:00  INFO 114288 --- [HNG-Stage-2] [           main] .s.d.r.c.RepositoryConfigurationDelegate : Finished Spring Data repository scanning in 21 ms. Found 2 JPA repository interfaces.
2024-07-08T07:07:08.723+01:00  INFO 114288 --- [HNG-Stage-2] [           main] beddedDataSourceBeanFactoryPostProcessor : Replacing 'dataSource' DataSource bean with embedded version
2024-07-08T07:07:08.882+01:00  INFO 114288 --- [HNG-Stage-2] [           main] o.s.b.w.embedded.tomcat.TomcatWebServer  : Tomcat initialized with port 0 (http)
2024-07-08T07:07:08.884+01:00  INFO 114288 --- [HNG-Stage-2] [           main] o.apache.catalina.core.StandardService   : Starting service [Tomcat]
2024-07-08T07:07:08.885+01:00  INFO 114288 --- [HNG-Stage-2] [           main] o.apache.catalina.core.StandardEngine    : Starting Servlet engine: [Apache Tomcat/10.1.25]
2024-07-08T07:07:08.991+01:00  INFO 114288 --- [HNG-Stage-2] [           main] o.a.c.c.C.[Tomcat].[localhost].[/]       : Initializing Spring embedded WebApplicationContext
2024-07-08T07:07:08.992+01:00  INFO 114288 --- [HNG-Stage-2] [           main] w.s.c.ServletWebServerApplicationContext : Root WebApplicationContext: initialization completed in 794 ms
2024-07-08T07:07:09.106+01:00  INFO 114288 --- [HNG-Stage-2] [           main] o.s.j.d.e.EmbeddedDatabaseFactory        : Starting embedded database: url='jdbc:h2:mem:c4c5eef3-8fa1-4b43-8168-756e5f1c2b52;DB_CLOSE_DELAY=-1;DB_CLOSE_ON_EXIT=false', username='sa'
2024-07-08T07:07:09.205+01:00  INFO 114288 --- [HNG-Stage-2] [           main] o.hibernate.jpa.internal.util.LogHelper  : HHH000204: Processing PersistenceUnitInfo [name: default]
2024-07-08T07:07:09.212+01:00  INFO 114288 --- [HNG-Stage-2] [           main] o.h.c.internal.RegionFactoryInitiator    : HHH000026: Second-level cache disabled
2024-07-08T07:07:09.238+01:00  INFO 114288 --- [HNG-Stage-2] [           main] o.s.o.j.p.SpringPersistenceUnitInfo      : No LoadTimeWeaver setup: ignoring JPA class transformer
2024-07-08T07:07:09.443+01:00  INFO 114288 --- [HNG-Stage-2] [           main] o.h.e.t.j.p.i.JtaPlatformInitiator       : HHH000489: No JTA platform available (set 'hibernate.transaction.jta.platform' to enable JTA platform integration)
2024-07-08T07:07:09.460+01:00  INFO 114288 --- [HNG-Stage-2] [           main] j.LocalContainerEntityManagerFactoryBean : Initialized JPA EntityManagerFactory for persistence unit 'default'
2024-07-08T07:07:09.783+01:00  WARN 114288 --- [HNG-Stage-2] [           main] JpaBaseConfiguration$JpaWebConfiguration : spring.jpa.open-in-view is enabled by default. Therefore, database queries may be performed during view rendering. Explicitly configure spring.jpa.open-in-view to disable this warning
2024-07-08T07:07:09.824+01:00  INFO 114288 --- [HNG-Stage-2] [           main] eAuthenticationProviderManagerConfigurer : Global AuthenticationManager configured with AuthenticationProvider bean with name authProvider
2024-07-08T07:07:09.824+01:00  WARN 114288 --- [HNG-Stage-2] [           main] r$InitializeUserDetailsManagerConfigurer : Global AuthenticationManager configured with an AuthenticationProvider bean. UserDetailsService beans will not be used for username/password login. Consider removing the AuthenticationProvider bean. Alternatively, consider using the UserDetailsService in a manually instantiated DaoAuthenticationProvider.
2024-07-08T07:07:10.374+01:00  INFO 114288 --- [HNG-Stage-2] [           main] o.s.b.w.embedded.tomcat.TomcatWebServer  : Tomcat started on port 34649 (http) with context path '/'
2024-07-08T07:07:10.384+01:00  INFO 114288 --- [HNG-Stage-2] [           main] t.sgcor.hng.user.UserIntegrationTest     : Started UserIntegrationTest in 2.224 seconds (process running for 52.433)
2024-07-08T07:07:11.051+01:00  INFO 114288 --- [HNG-Stage-2] [o-auto-3-exec-1] o.a.c.c.C.[Tomcat].[localhost].[/]       : Initializing Spring DispatcherServlet 'dispatcherServlet'
2024-07-08T07:07:11.051+01:00  INFO 114288 --- [HNG-Stage-2] [o-auto-3-exec-1] o.s.web.servlet.DispatcherServlet        : Initializing Servlet 'dispatcherServlet'
2024-07-08T07:07:11.053+01:00  INFO 114288 --- [HNG-Stage-2] [o-auto-3-exec-1] o.s.web.servlet.DispatcherServlet        : Completed initialization in 2 ms
2024-07-08T07:07:11.195+01:00  INFO 114288 --- [HNG-Stage-2] [           main] j.LocalContainerEntityManagerFactoryBean : Closing JPA EntityManagerFactory for persistence unit 'default'
]]></system-out>
  </testcase>
  <testcase name="ShouldRegisterUserTest" classname="tech.sgcor.hng.user.UserIntegrationTest" time="1.161">
    <system-out><![CDATA[
  .   ____          _            __ _ _
 /\\ / ___'_ __ _ _(_)_ __  __ _ \ \ \ \
( ( )\___ | '_ | '_| | '_ \/ _` | \ \ \ \
 \\/  ___)| |_)| | | | | || (_| |  ) ) ) )
  '  |____| .__|_| |_|_| |_\__, | / / / /
 =========|_|==============|___/=/_/_/_/

 :: Spring Boot ::                (v3.3.1)

2024-07-08T07:07:11.285+01:00  INFO 114288 --- [HNG-Stage-2] [           main] t.sgcor.hng.user.UserIntegrationTest     : Starting UserIntegrationTest using Java 20.0.2 with PID 114288 (started by seguser in /home/seguser/Lurldgbodex/HNG/web/backend/HNG-Stage-2)
2024-07-08T07:07:11.285+01:00  INFO 114288 --- [HNG-Stage-2] [           main] t.sgcor.hng.user.UserIntegrationTest     : No active profile set, falling back to 1 default profile: "default"
2024-07-08T07:07:11.694+01:00  INFO 114288 --- [HNG-Stage-2] [           main] .s.d.r.c.RepositoryConfigurationDelegate : Bootstrapping Spring Data JPA repositories in DEFAULT mode.
2024-07-08T07:07:11.744+01:00  INFO 114288 --- [HNG-Stage-2] [           main] .s.d.r.c.RepositoryConfigurationDelegate : Finished Spring Data repository scanning in 49 ms. Found 2 JPA repository interfaces.
2024-07-08T07:07:11.823+01:00  INFO 114288 --- [HNG-Stage-2] [           main] beddedDataSourceBeanFactoryPostProcessor : Replacing 'dataSource' DataSource bean with embedded version
2024-07-08T07:07:11.993+01:00  INFO 114288 --- [HNG-Stage-2] [           main] o.s.b.w.embedded.tomcat.TomcatWebServer  : Tomcat initialized with port 0 (http)
2024-07-08T07:07:11.996+01:00  INFO 114288 --- [HNG-Stage-2] [           main] o.apache.catalina.core.StandardService   : Starting service [Tomcat]
2024-07-08T07:07:11.996+01:00  INFO 114288 --- [HNG-Stage-2] [           main] o.apache.catalina.core.StandardEngine    : Starting Servlet engine: [Apache Tomcat/10.1.25]
2024-07-08T07:07:12.084+01:00  INFO 114288 --- [HNG-Stage-2] [           main] o.a.c.c.C.[Tomcat].[localhost].[/]       : Initializing Spring embedded WebApplicationContext
2024-07-08T07:07:12.085+01:00  INFO 114288 --- [HNG-Stage-2] [           main] w.s.c.ServletWebServerApplicationContext : Root WebApplicationContext: initialization completed in 796 ms
2024-07-08T07:07:12.179+01:00  INFO 114288 --- [HNG-Stage-2] [           main] o.s.j.d.e.EmbeddedDatabaseFactory        : Starting embedded database: url='jdbc:h2:mem:c7387537-87e3-47f7-b2e2-18e1badd4e83;DB_CLOSE_DELAY=-1;DB_CLOSE_ON_EXIT=false', username='sa'
2024-07-08T07:07:12.272+01:00  INFO 114288 --- [HNG-Stage-2] [           main] o.hibernate.jpa.internal.util.LogHelper  : HHH000204: Processing PersistenceUnitInfo [name: default]
2024-07-08T07:07:12.278+01:00  INFO 114288 --- [HNG-Stage-2] [           main] o.h.c.internal.RegionFactoryInitiator    : HHH000026: Second-level cache disabled
2024-07-08T07:07:12.299+01:00  INFO 114288 --- [HNG-Stage-2] [           main] o.s.o.j.p.SpringPersistenceUnitInfo      : No LoadTimeWeaver setup: ignoring JPA class transformer
2024-07-08T07:07:12.641+01:00  INFO 114288 --- [HNG-Stage-2] [           main] o.h.e.t.j.p.i.JtaPlatformInitiator       : HHH000489: No JTA platform available (set 'hibernate.transaction.jta.platform' to enable JTA platform integration)
2024-07-08T07:07:12.658+01:00  INFO 114288 --- [HNG-Stage-2] [           main] j.LocalContainerEntityManagerFactoryBean : Initialized JPA EntityManagerFactory for persistence unit 'default'
2024-07-08T07:07:12.840+01:00  WARN 114288 --- [HNG-Stage-2] [           main] JpaBaseConfiguration$JpaWebConfiguration : spring.jpa.open-in-view is enabled by default. Therefore, database queries may be performed during view rendering. Explicitly configure spring.jpa.open-in-view to disable this warning
2024-07-08T07:07:12.850+01:00  INFO 114288 --- [HNG-Stage-2] [           main] eAuthenticationProviderManagerConfigurer : Global AuthenticationManager configured with AuthenticationProvider bean with name authProvider
2024-07-08T07:07:12.851+01:00  WARN 114288 --- [HNG-Stage-2] [           main] r$InitializeUserDetailsManagerConfigurer : Global AuthenticationManager configured with an AuthenticationProvider bean. UserDetailsService beans will not be used for username/password login. Consider removing the AuthenticationProvider bean. Alternatively, consider using the UserDetailsService in a manually instantiated DaoAuthenticationProvider.
2024-07-08T07:07:13.343+01:00  INFO 114288 --- [HNG-Stage-2] [           main] o.s.b.w.embedded.tomcat.TomcatWebServer  : Tomcat started on port 45323 (http) with context path '/'
2024-07-08T07:07:13.347+01:00  INFO 114288 --- [HNG-Stage-2] [           main] t.sgcor.hng.user.UserIntegrationTest     : Started UserIntegrationTest in 2.141 seconds (process running for 55.395)
2024-07-08T07:07:14.093+01:00  INFO 114288 --- [HNG-Stage-2] [o-auto-4-exec-1] o.a.c.c.C.[Tomcat].[localhost].[/]       : Initializing Spring DispatcherServlet 'dispatcherServlet'
2024-07-08T07:07:14.094+01:00  INFO 114288 --- [HNG-Stage-2] [o-auto-4-exec-1] o.s.web.servlet.DispatcherServlet        : Initializing Servlet 'dispatcherServlet'
2024-07-08T07:07:14.100+01:00  INFO 114288 --- [HNG-Stage-2] [o-auto-4-exec-1] o.s.web.servlet.DispatcherServlet        : Completed initialization in 5 ms
2024-07-08T07:07:14.381+01:00  INFO 114288 --- [HNG-Stage-2] [o-auto-4-exec-1] t.sgcor.hng.user.service.AuthService     : New User Id: 2
2024-07-08T07:07:14.505+01:00  INFO 114288 --- [HNG-Stage-2] [           main] j.LocalContainerEntityManagerFactoryBean : Closing JPA EntityManagerFactory for persistence unit 'default'
]]></system-out>
  </testcase>
  <testcase name="shouldAuthenticateUserTest" classname="tech.sgcor.hng.user.UserIntegrationTest" time="0.943">
    <system-out><![CDATA[
  .   ____          _            __ _ _
 /\\ / ___'_ __ _ _(_)_ __  __ _ \ \ \ \
( ( )\___ | '_ | '_| | '_ \/ _` | \ \ \ \
 \\/  ___)| |_)| | | | | || (_| |  ) ) ) )
  '  |____| .__|_| |_|_| |_\__, | / / / /
 =========|_|==============|___/=/_/_/_/

 :: Spring Boot ::                (v3.3.1)

2024-07-08T07:07:14.685+01:00  INFO 114288 --- [HNG-Stage-2] [           main] t.sgcor.hng.user.UserIntegrationTest     : Starting UserIntegrationTest using Java 20.0.2 with PID 114288 (started by seguser in /home/seguser/Lurldgbodex/HNG/web/backend/HNG-Stage-2)
2024-07-08T07:07:14.686+01:00  INFO 114288 --- [HNG-Stage-2] [           main] t.sgcor.hng.user.UserIntegrationTest     : No active profile set, falling back to 1 default profile: "default"
2024-07-08T07:07:15.314+01:00  INFO 114288 --- [HNG-Stage-2] [           main] .s.d.r.c.RepositoryConfigurationDelegate : Bootstrapping Spring Data JPA repositories in DEFAULT mode.
2024-07-08T07:07:15.333+01:00  INFO 114288 --- [HNG-Stage-2] [           main] .s.d.r.c.RepositoryConfigurationDelegate : Finished Spring Data repository scanning in 18 ms. Found 2 JPA repository interfaces.
2024-07-08T07:07:15.442+01:00  INFO 114288 --- [HNG-Stage-2] [           main] beddedDataSourceBeanFactoryPostProcessor : Replacing 'dataSource' DataSource bean with embedded version
2024-07-08T07:07:15.716+01:00  INFO 114288 --- [HNG-Stage-2] [           main] o.s.b.w.embedded.tomcat.TomcatWebServer  : Tomcat initialized with port 0 (http)
2024-07-08T07:07:15.718+01:00  INFO 114288 --- [HNG-Stage-2] [           main] o.apache.catalina.core.StandardService   : Starting service [Tomcat]
2024-07-08T07:07:15.718+01:00  INFO 114288 --- [HNG-Stage-2] [           main] o.apache.catalina.core.StandardEngine    : Starting Servlet engine: [Apache Tomcat/10.1.25]
2024-07-08T07:07:15.787+01:00  INFO 114288 --- [HNG-Stage-2] [           main] o.a.c.c.C.[Tomcat].[localhost].[/]       : Initializing Spring embedded WebApplicationContext
2024-07-08T07:07:15.787+01:00  INFO 114288 --- [HNG-Stage-2] [           main] w.s.c.ServletWebServerApplicationContext : Root WebApplicationContext: initialization completed in 1094 ms
2024-07-08T07:07:15.808+01:00  INFO 114288 --- [HNG-Stage-2] [           main] o.s.j.d.e.EmbeddedDatabaseFactory        : Starting embedded database: url='jdbc:h2:mem:b37cc4fc-faa9-44d3-9810-f33a13f8eb1d;DB_CLOSE_DELAY=-1;DB_CLOSE_ON_EXIT=false', username='sa'
2024-07-08T07:07:15.873+01:00  INFO 114288 --- [HNG-Stage-2] [           main] o.hibernate.jpa.internal.util.LogHelper  : HHH000204: Processing PersistenceUnitInfo [name: default]
2024-07-08T07:07:15.876+01:00  INFO 114288 --- [HNG-Stage-2] [           main] o.h.c.internal.RegionFactoryInitiator    : HHH000026: Second-level cache disabled
2024-07-08T07:07:15.891+01:00  INFO 114288 --- [HNG-Stage-2] [           main] o.s.o.j.p.SpringPersistenceUnitInfo      : No LoadTimeWeaver setup: ignoring JPA class transformer
2024-07-08T07:07:16.290+01:00  INFO 114288 --- [HNG-Stage-2] [           main] o.h.e.t.j.p.i.JtaPlatformInitiator       : HHH000489: No JTA platform available (set 'hibernate.transaction.jta.platform' to enable JTA platform integration)
2024-07-08T07:07:16.303+01:00  INFO 114288 --- [HNG-Stage-2] [           main] j.LocalContainerEntityManagerFactoryBean : Initialized JPA EntityManagerFactory for persistence unit 'default'
2024-07-08T07:07:16.481+01:00  WARN 114288 --- [HNG-Stage-2] [           main] JpaBaseConfiguration$JpaWebConfiguration : spring.jpa.open-in-view is enabled by default. Therefore, database queries may be performed during view rendering. Explicitly configure spring.jpa.open-in-view to disable this warning
2024-07-08T07:07:16.491+01:00  INFO 114288 --- [HNG-Stage-2] [           main] eAuthenticationProviderManagerConfigurer : Global AuthenticationManager configured with AuthenticationProvider bean with name authProvider
2024-07-08T07:07:16.491+01:00  WARN 114288 --- [HNG-Stage-2] [           main] r$InitializeUserDetailsManagerConfigurer : Global AuthenticationManager configured with an AuthenticationProvider bean. UserDetailsService beans will not be used for username/password login. Consider removing the AuthenticationProvider bean. Alternatively, consider using the UserDetailsService in a manually instantiated DaoAuthenticationProvider.
2024-07-08T07:07:17.038+01:00  INFO 114288 --- [HNG-Stage-2] [           main] o.s.b.w.embedded.tomcat.TomcatWebServer  : Tomcat started on port 46671 (http) with context path '/'
2024-07-08T07:07:17.054+01:00  INFO 114288 --- [HNG-Stage-2] [           main] t.sgcor.hng.user.UserIntegrationTest     : Started UserIntegrationTest in 2.533 seconds (process running for 59.102)
2024-07-08T07:07:17.673+01:00  INFO 114288 --- [HNG-Stage-2] [o-auto-5-exec-1] o.a.c.c.C.[Tomcat].[localhost].[/]       : Initializing Spring DispatcherServlet 'dispatcherServlet'
2024-07-08T07:07:17.674+01:00  INFO 114288 --- [HNG-Stage-2] [o-auto-5-exec-1] o.s.web.servlet.DispatcherServlet        : Initializing Servlet 'dispatcherServlet'
2024-07-08T07:07:17.675+01:00  INFO 114288 --- [HNG-Stage-2] [o-auto-5-exec-1] o.s.web.servlet.DispatcherServlet        : Completed initialization in 1 ms
2024-07-08T07:07:18.036+01:00  INFO 114288 --- [HNG-Stage-2] [           main] j.LocalContainerEntityManagerFactoryBean : Closing JPA EntityManagerFactory for persistence unit 'default'
]]></system-out>
  </testcase>
  <testcase name="shouldNotAuthenticateWhenMissingField" classname="tech.sgcor.hng.user.UserIntegrationTest" time="0.743">
    <system-out><![CDATA[
  .   ____          _            __ _ _
 /\\ / ___'_ __ _ _(_)_ __  __ _ \ \ \ \
( ( )\___ | '_ | '_| | '_ \/ _` | \ \ \ \
 \\/  ___)| |_)| | | | | || (_| |  ) ) ) )
  '  |____| .__|_| |_|_| |_\__, | / / / /
 =========|_|==============|___/=/_/_/_/

 :: Spring Boot ::                (v3.3.1)

2024-07-08T07:07:18.131+01:00  INFO 114288 --- [HNG-Stage-2] [           main] t.sgcor.hng.user.UserIntegrationTest     : Starting UserIntegrationTest using Java 20.0.2 with PID 114288 (started by seguser in /home/seguser/Lurldgbodex/HNG/web/backend/HNG-Stage-2)
2024-07-08T07:07:18.132+01:00  INFO 114288 --- [HNG-Stage-2] [           main] t.sgcor.hng.user.UserIntegrationTest     : No active profile set, falling back to 1 default profile: "default"
2024-07-08T07:07:19.014+01:00  INFO 114288 --- [HNG-Stage-2] [           main] .s.d.r.c.RepositoryConfigurationDelegate : Bootstrapping Spring Data JPA repositories in DEFAULT mode.
2024-07-08T07:07:19.073+01:00  INFO 114288 --- [HNG-Stage-2] [           main] .s.d.r.c.RepositoryConfigurationDelegate : Finished Spring Data repository scanning in 58 ms. Found 2 JPA repository interfaces.
2024-07-08T07:07:19.267+01:00  INFO 114288 --- [HNG-Stage-2] [           main] beddedDataSourceBeanFactoryPostProcessor : Replacing 'dataSource' DataSource bean with embedded version
2024-07-08T07:07:19.460+01:00  INFO 114288 --- [HNG-Stage-2] [           main] o.s.b.w.embedded.tomcat.TomcatWebServer  : Tomcat initialized with port 0 (http)
2024-07-08T07:07:19.462+01:00  INFO 114288 --- [HNG-Stage-2] [           main] o.apache.catalina.core.StandardService   : Starting service [Tomcat]
2024-07-08T07:07:19.462+01:00  INFO 114288 --- [HNG-Stage-2] [           main] o.apache.catalina.core.StandardEngine    : Starting Servlet engine: [Apache Tomcat/10.1.25]
2024-07-08T07:07:19.547+01:00  INFO 114288 --- [HNG-Stage-2] [           main] o.a.c.c.C.[Tomcat].[localhost].[/]       : Initializing Spring embedded WebApplicationContext
2024-07-08T07:07:19.547+01:00  INFO 114288 --- [HNG-Stage-2] [           main] w.s.c.ServletWebServerApplicationContext : Root WebApplicationContext: initialization completed in 1413 ms
2024-07-08T07:07:19.603+01:00  INFO 114288 --- [HNG-Stage-2] [           main] o.s.j.d.e.EmbeddedDatabaseFactory        : Starting embedded database: url='jdbc:h2:mem:edc3b991-82b8-4991-b6b1-30618ab36f76;DB_CLOSE_DELAY=-1;DB_CLOSE_ON_EXIT=false', username='sa'
2024-07-08T07:07:19.710+01:00  INFO 114288 --- [HNG-Stage-2] [           main] o.hibernate.jpa.internal.util.LogHelper  : HHH000204: Processing PersistenceUnitInfo [name: default]
2024-07-08T07:07:19.739+01:00  INFO 114288 --- [HNG-Stage-2] [           main] o.h.c.internal.RegionFactoryInitiator    : HHH000026: Second-level cache disabled
2024-07-08T07:07:19.749+01:00  INFO 114288 --- [HNG-Stage-2] [           main] o.s.o.j.p.SpringPersistenceUnitInfo      : No LoadTimeWeaver setup: ignoring JPA class transformer
2024-07-08T07:07:20.284+01:00  INFO 114288 --- [HNG-Stage-2] [           main] o.h.e.t.j.p.i.JtaPlatformInitiator       : HHH000489: No JTA platform available (set 'hibernate.transaction.jta.platform' to enable JTA platform integration)
2024-07-08T07:07:20.378+01:00  INFO 114288 --- [HNG-Stage-2] [           main] j.LocalContainerEntityManagerFactoryBean : Initialized JPA EntityManagerFactory for persistence unit 'default'
2024-07-08T07:07:20.593+01:00  WARN 114288 --- [HNG-Stage-2] [           main] JpaBaseConfiguration$JpaWebConfiguration : spring.jpa.open-in-view is enabled by default. Therefore, database queries may be performed during view rendering. Explicitly configure spring.jpa.open-in-view to disable this warning
2024-07-08T07:07:20.631+01:00  INFO 114288 --- [HNG-Stage-2] [           main] eAuthenticationProviderManagerConfigurer : Global AuthenticationManager configured with AuthenticationProvider bean with name authProvider
2024-07-08T07:07:20.632+01:00  WARN 114288 --- [HNG-Stage-2] [           main] r$InitializeUserDetailsManagerConfigurer : Global AuthenticationManager configured with an AuthenticationProvider bean. UserDetailsService beans will not be used for username/password login. Consider removing the AuthenticationProvider bean. Alternatively, consider using the UserDetailsService in a manually instantiated DaoAuthenticationProvider.
2024-07-08T07:07:21.278+01:00  INFO 114288 --- [HNG-Stage-2] [           main] o.s.b.w.embedded.tomcat.TomcatWebServer  : Tomcat started on port 46597 (http) with context path '/'
2024-07-08T07:07:21.309+01:00  INFO 114288 --- [HNG-Stage-2] [           main] t.sgcor.hng.user.UserIntegrationTest     : Started UserIntegrationTest in 3.262 seconds (process running for 63.357)
2024-07-08T07:07:21.997+01:00  INFO 114288 --- [HNG-Stage-2] [o-auto-6-exec-1] o.a.c.c.C.[Tomcat].[localhost].[/]       : Initializing Spring DispatcherServlet 'dispatcherServlet'
2024-07-08T07:07:21.998+01:00  INFO 114288 --- [HNG-Stage-2] [o-auto-6-exec-1] o.s.web.servlet.DispatcherServlet        : Initializing Servlet 'dispatcherServlet'
2024-07-08T07:07:21.999+01:00  INFO 114288 --- [HNG-Stage-2] [o-auto-6-exec-1] o.s.web.servlet.DispatcherServlet        : Completed initialization in 1 ms
2024-07-08T07:07:22.054+01:00  INFO 114288 --- [HNG-Stage-2] [           main] j.LocalContainerEntityManagerFactoryBean : Closing JPA EntityManagerFactory for persistence unit 'default'
]]></system-out>
  </testcase>
</testsuite>