<?xml version="1.0" encoding="UTF-8"?>
<testsuite xmlns:xsi="http://www.w3.org/2001/XMLSchema-instance" xsi:noNamespaceSchemaLocation="https://maven.apache.org/surefire/maven-surefire-plugin/xsd/surefire-test-report-3.0.xsd" version="3.0" name="tech.sgcor.hng.user.UserIntegrationTest" time="63.157" tests="6" errors="0" skipped="0" failures="0">
  <properties>
    <property name="java.specification.version" value="20"/>
    <property name="sun.jnu.encoding" value="UTF-8"/>
    <property name="java.class.path" value="/home/seguser/Lurldgbodex/HNG/web/backend/HNG-Stage-2/target/test-classes:/home/seguser/Lurldgbodex/HNG/web/backend/HNG-Stage-2/target/classes:/home/seguser/.m2/repository/org/springframework/boot/spring-boot-starter-data-jpa/3.3.1/spring-boot-starter-data-jpa-3.3.1.jar:/home/seguser/.m2/repository/org/springframework/boot/spring-boot-starter-aop/3.3.1/spring-boot-starter-aop-3.3.1.jar:/home/seguser/.m2/repository/org/aspectj/aspectjweaver/1.9.22/aspectjweaver-1.9.22.jar:/home/seguser/.m2/repository/org/springframework/boot/spring-boot-starter-jdbc/3.3.1/spring-boot-starter-jdbc-3.3.1.jar:/home/seguser/.m2/repository/com/zaxxer/HikariCP/5.1.0/HikariCP-5.1.0.jar:/home/seguser/.m2/repository/org/springframework/spring-jdbc/6.1.10/spring-jdbc-6.1.10.jar:/home/seguser/.m2/repository/org/hibernate/orm/hibernate-core/6.5.2.Final/hibernate-core-6.5.2.Final.jar:/home/seguser/.m2/repository/jakarta/persistence/jakarta.persistence-api/3.1.0/jakarta.persistence-api-3.1.0.jar:/home/seguser/.m2/repository/jakarta/transaction/jakarta.transaction-api/2.0.1/jakarta.transaction-api-2.0.1.jar:/home/seguser/.m2/repository/org/jboss/logging/jboss-logging/3.5.3.Final/jboss-logging-3.5.3.Final.jar:/home/seguser/.m2/repository/org/hibernate/common/hibernate-commons-annotations/6.0.6.Final/hibernate-commons-annotations-6.0.6.Final.jar:/home/seguser/.m2/repository/io/smallrye/jandex/3.1.2/jandex-3.1.2.jar:/home/seguser/.m2/repository/com/fasterxml/classmate/1.7.0/classmate-1.7.0.jar:/home/seguser/.m2/repository/net/bytebuddy/byte-buddy/1.14.17/byte-buddy-1.14.17.jar:/home/seguser/.m2/repository/org/glassfish/jaxb/jaxb-runtime/4.0.5/jaxb-runtime-4.0.5.jar:/home/seguser/.m2/repository/org/glassfish/jaxb/jaxb-core/4.0.5/jaxb-core-4.0.5.jar:/home/seguser/.m2/repository/org/eclipse/angus/angus-activation/2.0.2/angus-activation-2.0.2.jar:/home/seguser/.m2/repository/org/glassfish/jaxb/txw2/4.0.5/txw2-4.0.5.jar:/home/seguser/.m2/repository/com/sun/istack/istack-commons-runtime/4.1.2/istack-commons-runtime-4.1.2.jar:/home/seguser/.m2/repository/jakarta/inject/jakarta.inject-api/2.0.1/jakarta.inject-api-2.0.1.jar:/home/seguser/.m2/repository/org/antlr/antlr4-runtime/4.13.0/antlr4-runtime-4.13.0.jar:/home/seguser/.m2/repository/org/springframework/data/spring-data-jpa/3.3.1/spring-data-jpa-3.3.1.jar:/home/seguser/.m2/repository/org/springframework/data/spring-data-commons/3.3.1/spring-data-commons-3.3.1.jar:/home/seguser/.m2/repository/org/springframework/spring-orm/6.1.10/spring-orm-6.1.10.jar:/home/seguser/.m2/repository/org/springframework/spring-context/6.1.10/spring-context-6.1.10.jar:/home/seguser/.m2/repository/org/springframework/spring-tx/6.1.10/spring-tx-6.1.10.jar:/home/seguser/.m2/repository/org/springframework/spring-beans/6.1.10/spring-beans-6.1.10.jar:/home/seguser/.m2/repository/jakarta/annotation/jakarta.annotation-api/2.1.1/jakarta.annotation-api-2.1.1.jar:/home/seguser/.m2/repository/org/slf4j/slf4j-api/2.0.13/slf4j-api-2.0.13.jar:/home/seguser/.m2/repository/org/springframework/spring-aspects/6.1.10/spring-aspects-6.1.10.jar:/home/seguser/.m2/repository/org/springframework/boot/spring-boot-starter-security/3.3.1/spring-boot-starter-security-3.3.1.jar:/home/seguser/.m2/repository/org/springframework/boot/spring-boot-starter/3.3.1/spring-boot-starter-3.3.1.jar:/home/seguser/.m2/repository/org/springframework/boot/spring-boot/3.3.1/spring-boot-3.3.1.jar:/home/seguser/.m2/repository/org/springframework/boot/spring-boot-autoconfigure/3.3.1/spring-boot-autoconfigure-3.3.1.jar:/home/seguser/.m2/repository/org/springframework/boot/spring-boot-starter-logging/3.3.1/spring-boot-starter-logging-3.3.1.jar:/home/seguser/.m2/repository/ch/qos/logback/logback-classic/1.5.6/logback-classic-1.5.6.jar:/home/seguser/.m2/repository/ch/qos/logback/logback-core/1.5.6/logback-core-1.5.6.jar:/home/seguser/.m2/repository/org/apache/logging/log4j/log4j-to-slf4j/2.23.1/log4j-to-slf4j-2.23.1.jar:/home/seguser/.m2/repository/org/apache/logging/log4j/log4j-api/2.23.1/log4j-api-2.23.1.jar:/home/seguser/.m2/repository/org/slf4j/jul-to-slf4j/2.0.13/jul-to-slf4j-2.0.13.jar:/home/seguser/.m2/repository/org/yaml/snakeyaml/2.2/snakeyaml-2.2.jar:/home/seguser/.m2/repository/org/springframework/spring-aop/6.1.10/spring-aop-6.1.10.jar:/home/seguser/.m2/repository/org/springframework/security/spring-security-config/6.3.1/spring-security-config-6.3.1.jar:/home/seguser/.m2/repository/org/springframework/security/spring-security-web/6.3.1/spring-security-web-6.3.1.jar:/home/seguser/.m2/repository/org/springframework/spring-expression/6.1.10/spring-expression-6.1.10.jar:/home/seguser/.m2/repository/org/springframework/boot/spring-boot-starter-validation/3.3.1/spring-boot-starter-validation-3.3.1.jar:/home/seguser/.m2/repository/org/apache/tomcat/embed/tomcat-embed-el/10.1.25/tomcat-embed-el-10.1.25.jar:/home/seguser/.m2/repository/org/hibernate/validator/hibernate-validator/8.0.1.Final/hibernate-validator-8.0.1.Final.jar:/home/seguser/.m2/repository/jakarta/validation/jakarta.validation-api/3.0.2/jakarta.validation-api-3.0.2.jar:/home/seguser/.m2/repository/org/springframework/boot/spring-boot-starter-web/3.3.1/spring-boot-starter-web-3.3.1.jar:/home/seguser/.m2/repository/org/springframework/boot/spring-boot-starter-json/3.3.1/spring-boot-starter-json-3.3.1.jar:/home/seguser/.m2/repository/com/fasterxml/jackson/datatype/jackson-datatype-jdk8/2.17.1/jackson-datatype-jdk8-2.17.1.jar:/home/seguser/.m2/repository/com/fasterxml/jackson/datatype/jackson-datatype-jsr310/2.17.1/jackson-datatype-jsr310-2.17.1.jar:/home/seguser/.m2/repository/com/fasterxml/jackson/module/jackson-module-parameter-names/2.17.1/jackson-module-parameter-names-2.17.1.jar:/home/seguser/.m2/repository/org/springframework/boot/spring-boot-starter-tomcat/3.3.1/spring-boot-starter-tomcat-3.3.1.jar:/home/seguser/.m2/repository/org/apache/tomcat/embed/tomcat-embed-core/10.1.25/tomcat-embed-core-10.1.25.jar:/home/seguser/.m2/repository/org/apache/tomcat/embed/tomcat-embed-websocket/10.1.25/tomcat-embed-websocket-10.1.25.jar:/home/seguser/.m2/repository/org/springframework/spring-web/6.1.10/spring-web-6.1.10.jar:/home/seguser/.m2/repository/org/springframework/spring-webmvc/6.1.10/spring-webmvc-6.1.10.jar:/home/seguser/.m2/repository/org/postgresql/postgresql/42.7.3/postgresql-42.7.3.jar:/home/seguser/.m2/repository/org/checkerframework/checker-qual/3.42.0/checker-qual-3.42.0.jar:/home/seguser/.m2/repository/org/springframework/boot/spring-boot-starter-actuator/3.3.1/spring-boot-starter-actuator-3.3.1.jar:/home/seguser/.m2/repository/org/springframework/boot/spring-boot-actuator-autoconfigure/3.3.1/spring-boot-actuator-autoconfigure-3.3.1.jar:/home/seguser/.m2/repository/org/springframework/boot/spring-boot-actuator/3.3.1/spring-boot-actuator-3.3.1.jar:/home/seguser/.m2/repository/io/micrometer/micrometer-observation/1.13.1/micrometer-observation-1.13.1.jar:/home/seguser/.m2/repository/io/micrometer/micrometer-commons/1.13.1/micrometer-commons-1.13.1.jar:/home/seguser/.m2/repository/io/micrometer/micrometer-jakarta9/1.13.1/micrometer-jakarta9-1.13.1.jar:/home/seguser/.m2/repository/io/micrometer/micrometer-core/1.13.1/micrometer-core-1.13.1.jar:/home/seguser/.m2/repository/org/hdrhistogram/HdrHistogram/2.2.2/HdrHistogram-2.2.2.jar:/home/seguser/.m2/repository/org/latencyutils/LatencyUtils/2.0.3/LatencyUtils-2.0.3.jar:/home/seguser/.m2/repository/io/jsonwebtoken/jjwt-api/0.12.6/jjwt-api-0.12.6.jar:/home/seguser/.m2/repository/io/jsonwebtoken/jjwt-impl/0.12.6/jjwt-impl-0.12.6.jar:/home/seguser/.m2/repository/io/jsonwebtoken/jjwt-jackson/0.12.6/jjwt-jackson-0.12.6.jar:/home/seguser/.m2/repository/com/fasterxml/jackson/core/jackson-databind/2.17.1/jackson-databind-2.17.1.jar:/home/seguser/.m2/repository/com/fasterxml/jackson/core/jackson-annotations/2.17.1/jackson-annotations-2.17.1.jar:/home/seguser/.m2/repository/com/fasterxml/jackson/core/jackson-core/2.17.1/jackson-core-2.17.1.jar:/home/seguser/.m2/repository/org/projectlombok/lombok/1.18.32/lombok-1.18.32.jar:/home/seguser/.m2/repository/org/springframework/boot/spring-boot-starter-test/3.3.1/spring-boot-starter-test-3.3.1.jar:/home/seguser/.m2/repository/org/springframework/boot/spring-boot-test/3.3.1/spring-boot-test-3.3.1.jar:/home/seguser/.m2/repository/org/springframework/boot/spring-boot-test-autoconfigure/3.3.1/spring-boot-test-autoconfigure-3.3.1.jar:/home/seguser/.m2/repository/com/jayway/jsonpath/json-path/2.9.0/json-path-2.9.0.jar:/home/seguser/.m2/repository/jakarta/xml/bind/jakarta.xml.bind-api/4.0.2/jakarta.xml.bind-api-4.0.2.jar:/home/seguser/.m2/repository/jakarta/activation/jakarta.activation-api/2.1.3/jakarta.activation-api-2.1.3.jar:/home/seguser/.m2/repository/net/minidev/json-smart/2.5.1/json-smart-2.5.1.jar:/home/seguser/.m2/repository/net/minidev/accessors-smart/2.5.1/accessors-smart-2.5.1.jar:/home/seguser/.m2/repository/org/ow2/asm/asm/9.6/asm-9.6.jar:/home/seguser/.m2/repository/org/assertj/assertj-core/3.25.3/assertj-core-3.25.3.jar:/home/seguser/.m2/repository/org/awaitility/awaitility/4.2.1/awaitility-4.2.1.jar:/home/seguser/.m2/repository/org/hamcrest/hamcrest/2.2/hamcrest-2.2.jar:/home/seguser/.m2/repository/org/junit/jupiter/junit-jupiter/5.10.2/junit-jupiter-5.10.2.jar:/home/seguser/.m2/repository/org/junit/jupiter/junit-jupiter-api/5.10.2/junit-jupiter-api-5.10.2.jar:/home/seguser/.m2/repository/org/opentest4j/opentest4j/1.3.0/opentest4j-1.3.0.jar:/home/seguser/.m2/repository/org/junit/platform/junit-platform-commons/1.10.2/junit-platform-commons-1.10.2.jar:/home/seguser/.m2/repository/org/apiguardian/apiguardian-api/1.1.2/apiguardian-api-1.1.2.jar:/home/seguser/.m2/repository/org/junit/jupiter/junit-jupiter-params/5.10.2/junit-jupiter-params-5.10.2.jar:/home/seguser/.m2/repository/org/junit/jupiter/junit-jupiter-engine/5.10.2/junit-jupiter-engine-5.10.2.jar:/home/seguser/.m2/repository/org/junit/platform/junit-platform-engine/1.10.2/junit-platform-engine-1.10.2.jar:/home/seguser/.m2/repository/org/mockito/mockito-core/5.11.0/mockito-core-5.11.0.jar:/home/seguser/.m2/repository/net/bytebuddy/byte-buddy-agent/1.14.17/byte-buddy-agent-1.14.17.jar:/home/seguser/.m2/repository/org/objenesis/objenesis/3.3/objenesis-3.3.jar:/home/seguser/.m2/repository/org/mockito/mockito-junit-jupiter/5.11.0/mockito-junit-jupiter-5.11.0.jar:/home/seguser/.m2/repository/org/skyscreamer/jsonassert/1.5.1/jsonassert-1.5.1.jar:/home/seguser/.m2/repository/com/vaadin/external/google/android-json/0.0.20131108.vaadin1/android-json-0.0.20131108.vaadin1.jar:/home/seguser/.m2/repository/org/springframework/spring-core/6.1.10/spring-core-6.1.10.jar:/home/seguser/.m2/repository/org/springframework/spring-jcl/6.1.10/spring-jcl-6.1.10.jar:/home/seguser/.m2/repository/org/springframework/spring-test/6.1.10/spring-test-6.1.10.jar:/home/seguser/.m2/repository/org/xmlunit/xmlunit-core/2.9.1/xmlunit-core-2.9.1.jar:/home/seguser/.m2/repository/org/springframework/security/spring-security-test/6.3.1/spring-security-test-6.3.1.jar:/home/seguser/.m2/repository/org/springframework/security/spring-security-core/6.3.1/spring-security-core-6.3.1.jar:/home/seguser/.m2/repository/org/springframework/security/spring-security-crypto/6.3.1/spring-security-crypto-6.3.1.jar:/home/seguser/.m2/repository/com/h2database/h2/2.2.224/h2-2.2.224.jar:"/>
    <property name="java.vm.vendor" value="Oracle Corporation"/>
    <property name="sun.arch.data.model" value="64"/>
    <property name="java.vendor.url" value="https://java.oracle.com/"/>
    <property name="catalina.useNaming" value="false"/>
    <property name="user.timezone" value="Africa/Lagos"/>
    <property name="org.jboss.logging.provider" value="slf4j"/>
    <property name="os.name" value="Linux"/>
    <property name="java.vm.specification.version" value="20"/>
    <property name="sun.java.launcher" value="SUN_STANDARD"/>
    <property name="user.country" value="NG"/>
    <property name="sun.boot.library.path" value="/usr/lib/jvm/jdk-20/lib"/>
    <property name="sun.java.command" value="/home/seguser/Lurldgbodex/HNG/web/backend/HNG-Stage-2/target/surefire/surefirebooter-20240708165401280_3.jar /home/seguser/Lurldgbodex/HNG/web/backend/HNG-Stage-2/target/surefire 2024-07-08T16-54-00_149-jvmRun1 surefire-20240708165401280_1tmp surefire_0-20240708165401280_2tmp"/>
    <property name="jdk.debug" value="release"/>
    <property name="surefire.test.class.path" value="/home/seguser/Lurldgbodex/HNG/web/backend/HNG-Stage-2/target/test-classes:/home/seguser/Lurldgbodex/HNG/web/backend/HNG-Stage-2/target/classes:/home/seguser/.m2/repository/org/springframework/boot/spring-boot-starter-data-jpa/3.3.1/spring-boot-starter-data-jpa-3.3.1.jar:/home/seguser/.m2/repository/org/springframework/boot/spring-boot-starter-aop/3.3.1/spring-boot-starter-aop-3.3.1.jar:/home/seguser/.m2/repository/org/aspectj/aspectjweaver/1.9.22/aspectjweaver-1.9.22.jar:/home/seguser/.m2/repository/org/springframework/boot/spring-boot-starter-jdbc/3.3.1/spring-boot-starter-jdbc-3.3.1.jar:/home/seguser/.m2/repository/com/zaxxer/HikariCP/5.1.0/HikariCP-5.1.0.jar:/home/seguser/.m2/repository/org/springframework/spring-jdbc/6.1.10/spring-jdbc-6.1.10.jar:/home/seguser/.m2/repository/org/hibernate/orm/hibernate-core/6.5.2.Final/hibernate-core-6.5.2.Final.jar:/home/seguser/.m2/repository/jakarta/persistence/jakarta.persistence-api/3.1.0/jakarta.persistence-api-3.1.0.jar:/home/seguser/.m2/repository/jakarta/transaction/jakarta.transaction-api/2.0.1/jakarta.transaction-api-2.0.1.jar:/home/seguser/.m2/repository/org/jboss/logging/jboss-logging/3.5.3.Final/jboss-logging-3.5.3.Final.jar:/home/seguser/.m2/repository/org/hibernate/common/hibernate-commons-annotations/6.0.6.Final/hibernate-commons-annotations-6.0.6.Final.jar:/home/seguser/.m2/repository/io/smallrye/jandex/3.1.2/jandex-3.1.2.jar:/home/seguser/.m2/repository/com/fasterxml/classmate/1.7.0/classmate-1.7.0.jar:/home/seguser/.m2/repository/net/bytebuddy/byte-buddy/1.14.17/byte-buddy-1.14.17.jar:/home/seguser/.m2/repository/org/glassfish/jaxb/jaxb-runtime/4.0.5/jaxb-runtime-4.0.5.jar:/home/seguser/.m2/repository/org/glassfish/jaxb/jaxb-core/4.0.5/jaxb-core-4.0.5.jar:/home/seguser/.m2/repository/org/eclipse/angus/angus-activation/2.0.2/angus-activation-2.0.2.jar:/home/seguser/.m2/repository/org/glassfish/jaxb/txw2/4.0.5/txw2-4.0.5.jar:/home/seguser/.m2/repository/com/sun/istack/istack-commons-runtime/4.1.2/istack-commons-runtime-4.1.2.jar:/home/seguser/.m2/repository/jakarta/inject/jakarta.inject-api/2.0.1/jakarta.inject-api-2.0.1.jar:/home/seguser/.m2/repository/org/antlr/antlr4-runtime/4.13.0/antlr4-runtime-4.13.0.jar:/home/seguser/.m2/repository/org/springframework/data/spring-data-jpa/3.3.1/spring-data-jpa-3.3.1.jar:/home/seguser/.m2/repository/org/springframework/data/spring-data-commons/3.3.1/spring-data-commons-3.3.1.jar:/home/seguser/.m2/repository/org/springframework/spring-orm/6.1.10/spring-orm-6.1.10.jar:/home/seguser/.m2/repository/org/springframework/spring-context/6.1.10/spring-context-6.1.10.jar:/home/seguser/.m2/repository/org/springframework/spring-tx/6.1.10/spring-tx-6.1.10.jar:/home/seguser/.m2/repository/org/springframework/spring-beans/6.1.10/spring-beans-6.1.10.jar:/home/seguser/.m2/repository/jakarta/annotation/jakarta.annotation-api/2.1.1/jakarta.annotation-api-2.1.1.jar:/home/seguser/.m2/repository/org/slf4j/slf4j-api/2.0.13/slf4j-api-2.0.13.jar:/home/seguser/.m2/repository/org/springframework/spring-aspects/6.1.10/spring-aspects-6.1.10.jar:/home/seguser/.m2/repository/org/springframework/boot/spring-boot-starter-security/3.3.1/spring-boot-starter-security-3.3.1.jar:/home/seguser/.m2/repository/org/springframework/boot/spring-boot-starter/3.3.1/spring-boot-starter-3.3.1.jar:/home/seguser/.m2/repository/org/springframework/boot/spring-boot/3.3.1/spring-boot-3.3.1.jar:/home/seguser/.m2/repository/org/springframework/boot/spring-boot-autoconfigure/3.3.1/spring-boot-autoconfigure-3.3.1.jar:/home/seguser/.m2/repository/org/springframework/boot/spring-boot-starter-logging/3.3.1/spring-boot-starter-logging-3.3.1.jar:/home/seguser/.m2/repository/ch/qos/logback/logback-classic/1.5.6/logback-classic-1.5.6.jar:/home/seguser/.m2/repository/ch/qos/logback/logback-core/1.5.6/logback-core-1.5.6.jar:/home/seguser/.m2/repository/org/apache/logging/log4j/log4j-to-slf4j/2.23.1/log4j-to-slf4j-2.23.1.jar:/home/seguser/.m2/repository/org/apache/logging/log4j/log4j-api/2.23.1/log4j-api-2.23.1.jar:/home/seguser/.m2/repository/org/slf4j/jul-to-slf4j/2.0.13/jul-to-slf4j-2.0.13.jar:/home/seguser/.m2/repository/org/yaml/snakeyaml/2.2/snakeyaml-2.2.jar:/home/seguser/.m2/repository/org/springframework/spring-aop/6.1.10/spring-aop-6.1.10.jar:/home/seguser/.m2/repository/org/springframework/security/spring-security-config/6.3.1/spring-security-config-6.3.1.jar:/home/seguser/.m2/repository/org/springframework/security/spring-security-web/6.3.1/spring-security-web-6.3.1.jar:/home/seguser/.m2/repository/org/springframework/spring-expression/6.1.10/spring-expression-6.1.10.jar:/home/seguser/.m2/repository/org/springframework/boot/spring-boot-starter-validation/3.3.1/spring-boot-starter-validation-3.3.1.jar:/home/seguser/.m2/repository/org/apache/tomcat/embed/tomcat-embed-el/10.1.25/tomcat-embed-el-10.1.25.jar:/home/seguser/.m2/repository/org/hibernate/validator/hibernate-validator/8.0.1.Final/hibernate-validator-8.0.1.Final.jar:/home/seguser/.m2/repository/jakarta/validation/jakarta.validation-api/3.0.2/jakarta.validation-api-3.0.2.jar:/home/seguser/.m2/repository/org/springframework/boot/spring-boot-starter-web/3.3.1/spring-boot-starter-web-3.3.1.jar:/home/seguser/.m2/repository/org/springframework/boot/spring-boot-starter-json/3.3.1/spring-boot-starter-json-3.3.1.jar:/home/seguser/.m2/repository/com/fasterxml/jackson/datatype/jackson-datatype-jdk8/2.17.1/jackson-datatype-jdk8-2.17.1.jar:/home/seguser/.m2/repository/com/fasterxml/jackson/datatype/jackson-datatype-jsr310/2.17.1/jackson-datatype-jsr310-2.17.1.jar:/home/seguser/.m2/repository/com/fasterxml/jackson/module/jackson-module-parameter-names/2.17.1/jackson-module-parameter-names-2.17.1.jar:/home/seguser/.m2/repository/org/springframework/boot/spring-boot-starter-tomcat/3.3.1/spring-boot-starter-tomcat-3.3.1.jar:/home/seguser/.m2/repository/org/apache/tomcat/embed/tomcat-embed-core/10.1.25/tomcat-embed-core-10.1.25.jar:/home/seguser/.m2/repository/org/apache/tomcat/embed/tomcat-embed-websocket/10.1.25/tomcat-embed-websocket-10.1.25.jar:/home/seguser/.m2/repository/org/springframework/spring-web/6.1.10/spring-web-6.1.10.jar:/home/seguser/.m2/repository/org/springframework/spring-webmvc/6.1.10/spring-webmvc-6.1.10.jar:/home/seguser/.m2/repository/org/postgresql/postgresql/42.7.3/postgresql-42.7.3.jar:/home/seguser/.m2/repository/org/checkerframework/checker-qual/3.42.0/checker-qual-3.42.0.jar:/home/seguser/.m2/repository/org/springframework/boot/spring-boot-starter-actuator/3.3.1/spring-boot-starter-actuator-3.3.1.jar:/home/seguser/.m2/repository/org/springframework/boot/spring-boot-actuator-autoconfigure/3.3.1/spring-boot-actuator-autoconfigure-3.3.1.jar:/home/seguser/.m2/repository/org/springframework/boot/spring-boot-actuator/3.3.1/spring-boot-actuator-3.3.1.jar:/home/seguser/.m2/repository/io/micrometer/micrometer-observation/1.13.1/micrometer-observation-1.13.1.jar:/home/seguser/.m2/repository/io/micrometer/micrometer-commons/1.13.1/micrometer-commons-1.13.1.jar:/home/seguser/.m2/repository/io/micrometer/micrometer-jakarta9/1.13.1/micrometer-jakarta9-1.13.1.jar:/home/seguser/.m2/repository/io/micrometer/micrometer-core/1.13.1/micrometer-core-1.13.1.jar:/home/seguser/.m2/repository/org/hdrhistogram/HdrHistogram/2.2.2/HdrHistogram-2.2.2.jar:/home/seguser/.m2/repository/org/latencyutils/LatencyUtils/2.0.3/LatencyUtils-2.0.3.jar:/home/seguser/.m2/repository/io/jsonwebtoken/jjwt-api/0.12.6/jjwt-api-0.12.6.jar:/home/seguser/.m2/repository/io/jsonwebtoken/jjwt-impl/0.12.6/jjwt-impl-0.12.6.jar:/home/seguser/.m2/repository/io/jsonwebtoken/jjwt-jackson/0.12.6/jjwt-jackson-0.12.6.jar:/home/seguser/.m2/repository/com/fasterxml/jackson/core/jackson-databind/2.17.1/jackson-databind-2.17.1.jar:/home/seguser/.m2/repository/com/fasterxml/jackson/core/jackson-annotations/2.17.1/jackson-annotations-2.17.1.jar:/home/seguser/.m2/repository/com/fasterxml/jackson/core/jackson-core/2.17.1/jackson-core-2.17.1.jar:/home/seguser/.m2/repository/org/projectlombok/lombok/1.18.32/lombok-1.18.32.jar:/home/seguser/.m2/repository/org/springframework/boot/spring-boot-starter-test/3.3.1/spring-boot-starter-test-3.3.1.jar:/home/seguser/.m2/repository/org/springframework/boot/spring-boot-test/3.3.1/spring-boot-test-3.3.1.jar:/home/seguser/.m2/repository/org/springframework/boot/spring-boot-test-autoconfigure/3.3.1/spring-boot-test-autoconfigure-3.3.1.jar:/home/seguser/.m2/repository/com/jayway/jsonpath/json-path/2.9.0/json-path-2.9.0.jar:/home/seguser/.m2/repository/jakarta/xml/bind/jakarta.xml.bind-api/4.0.2/jakarta.xml.bind-api-4.0.2.jar:/home/seguser/.m2/repository/jakarta/activation/jakarta.activation-api/2.1.3/jakarta.activation-api-2.1.3.jar:/home/seguser/.m2/repository/net/minidev/json-smart/2.5.1/json-smart-2.5.1.jar:/home/seguser/.m2/repository/net/minidev/accessors-smart/2.5.1/accessors-smart-2.5.1.jar:/home/seguser/.m2/repository/org/ow2/asm/asm/9.6/asm-9.6.jar:/home/seguser/.m2/repository/org/assertj/assertj-core/3.25.3/assertj-core-3.25.3.jar:/home/seguser/.m2/repository/org/awaitility/awaitility/4.2.1/awaitility-4.2.1.jar:/home/seguser/.m2/repository/org/hamcrest/hamcrest/2.2/hamcrest-2.2.jar:/home/seguser/.m2/repository/org/junit/jupiter/junit-jupiter/5.10.2/junit-jupiter-5.10.2.jar:/home/seguser/.m2/repository/org/junit/jupiter/junit-jupiter-api/5.10.2/junit-jupiter-api-5.10.2.jar:/home/seguser/.m2/repository/org/opentest4j/opentest4j/1.3.0/opentest4j-1.3.0.jar:/home/seguser/.m2/repository/org/junit/platform/junit-platform-commons/1.10.2/junit-platform-commons-1.10.2.jar:/home/seguser/.m2/repository/org/apiguardian/apiguardian-api/1.1.2/apiguardian-api-1.1.2.jar:/home/seguser/.m2/repository/org/junit/jupiter/junit-jupiter-params/5.10.2/junit-jupiter-params-5.10.2.jar:/home/seguser/.m2/repository/org/junit/jupiter/junit-jupiter-engine/5.10.2/junit-jupiter-engine-5.10.2.jar:/home/seguser/.m2/repository/org/junit/platform/junit-platform-engine/1.10.2/junit-platform-engine-1.10.2.jar:/home/seguser/.m2/repository/org/mockito/mockito-core/5.11.0/mockito-core-5.11.0.jar:/home/seguser/.m2/repository/net/bytebuddy/byte-buddy-agent/1.14.17/byte-buddy-agent-1.14.17.jar:/home/seguser/.m2/repository/org/objenesis/objenesis/3.3/objenesis-3.3.jar:/home/seguser/.m2/repository/org/mockito/mockito-junit-jupiter/5.11.0/mockito-junit-jupiter-5.11.0.jar:/home/seguser/.m2/repository/org/skyscreamer/jsonassert/1.5.1/jsonassert-1.5.1.jar:/home/seguser/.m2/repository/com/vaadin/external/google/android-json/0.0.20131108.vaadin1/android-json-0.0.20131108.vaadin1.jar:/home/seguser/.m2/repository/org/springframework/spring-core/6.1.10/spring-core-6.1.10.jar:/home/seguser/.m2/repository/org/springframework/spring-jcl/6.1.10/spring-jcl-6.1.10.jar:/home/seguser/.m2/repository/org/springframework/spring-test/6.1.10/spring-test-6.1.10.jar:/home/seguser/.m2/repository/org/xmlunit/xmlunit-core/2.9.1/xmlunit-core-2.9.1.jar:/home/seguser/.m2/repository/org/springframework/security/spring-security-test/6.3.1/spring-security-test-6.3.1.jar:/home/seguser/.m2/repository/org/springframework/security/spring-security-core/6.3.1/spring-security-core-6.3.1.jar:/home/seguser/.m2/repository/org/springframework/security/spring-security-crypto/6.3.1/spring-security-crypto-6.3.1.jar:/home/seguser/.m2/repository/com/h2database/h2/2.2.224/h2-2.2.224.jar:"/>
    <property name="sun.cpu.endian" value="little"/>
    <property name="user.home" value="/home/seguser"/>
    <property name="user.language" value="en"/>
    <property name="java.specification.vendor" value="Oracle Corporation"/>
    <property name="java.version.date" value="2023-07-18"/>
    <property name="java.home" value="/usr/lib/jvm/jdk-20"/>
    <property name="file.separator" value="/"/>
    <property name="basedir" value="/home/seguser/Lurldgbodex/HNG/web/backend/HNG-Stage-2"/>
    <property name="java.vm.compressedOopsMode" value="32-bit"/>
    <property name="line.separator" value="&#10;"/>
    <property name="java.vm.specification.vendor" value="Oracle Corporation"/>
    <property name="java.specification.name" value="Java Platform API Specification"/>
    <property name="FILE_LOG_CHARSET" value="UTF-8"/>
    <property name="java.awt.headless" value="true"/>
    <property name="surefire.real.class.path" value="/home/seguser/Lurldgbodex/HNG/web/backend/HNG-Stage-2/target/surefire/surefirebooter-20240708165401280_3.jar"/>
    <property name="sun.management.compiler" value="HotSpot 64-Bit Tiered Compilers"/>
    <property name="java.runtime.version" value="20.0.2+9-78"/>
    <property name="user.name" value="seguser"/>
    <property name="stdout.encoding" value="UTF-8"/>
    <property name="path.separator" value=":"/>
    <property name="os.version" value="6.5.0-14-generic"/>
    <property name="java.runtime.name" value="Java(TM) SE Runtime Environment"/>
    <property name="file.encoding" value="UTF-8"/>
    <property name="java.vm.name" value="Java HotSpot(TM) 64-Bit Server VM"/>
    <property name="localRepository" value="/home/seguser/.m2/repository"/>
    <property name="java.vendor.url.bug" value="https://bugreport.java.com/bugreport/"/>
    <property name="java.io.tmpdir" value="/tmp"/>
    <property name="com.zaxxer.hikari.pool_number" value="1"/>
    <property name="catalina.home" value="/tmp/tomcat.0.12478126872615023671"/>
    <property name="java.version" value="20.0.2"/>
    <property name="user.dir" value="/home/seguser/Lurldgbodex/HNG/web/backend/HNG-Stage-2"/>
    <property name="os.arch" value="amd64"/>
    <property name="java.vm.specification.name" value="Java Virtual Machine Specification"/>
    <property name="PID" value="215170"/>
    <property name="CONSOLE_LOG_CHARSET" value="UTF-8"/>
    <property name="catalina.base" value="/tmp/tomcat.0.16135759777648796359"/>
    <property name="native.encoding" value="UTF-8"/>
    <property name="java.library.path" value="/usr/java/packages/lib:/usr/lib64:/lib64:/lib:/usr/lib"/>
    <property name="java.vm.info" value="mixed mode, sharing"/>
    <property name="stderr.encoding" value="UTF-8"/>
    <property name="java.vendor" value="Oracle Corporation"/>
    <property name="java.vm.version" value="20.0.2+9-78"/>
    <property name="sun.io.unicode.encoding" value="UnicodeLittle"/>
    <property name="java.class.version" value="64.0"/>
    <property name="LOGGED_APPLICATION_NAME" value="[HNG-Stage-2] "/>
  </properties>
  <testcase name="shouldGetOwnDetailsById" classname="tech.sgcor.hng.user.UserIntegrationTest" time="3.825">
    <system-out><![CDATA[2024-07-08T16:55:12.901+01:00  INFO 215170 --- [HNG-Stage-2] [           main] t.c.s.AnnotationConfigContextLoaderUtils : Could not detect default configuration classes for test class [tech.sgcor.hng.user.UserIntegrationTest]: UserIntegrationTest does not declare any static, non-private, non-final, nested classes annotated with @Configuration.
2024-07-08T16:55:13.139+01:00  INFO 215170 --- [HNG-Stage-2] [           main] .b.t.c.SpringBootTestContextBootstrapper : Found @SpringBootConfiguration tech.sgcor.hng.HngStage2Application for test class tech.sgcor.hng.user.UserIntegrationTest

  .   ____          _            __ _ _
 /\\ / ___'_ __ _ _(_)_ __  __ _ \ \ \ \
( ( )\___ | '_ | '_| | '_ \/ _` | \ \ \ \
 \\/  ___)| |_)| | | | | || (_| |  ) ) ) )
  '  |____| .__|_| |_|_| |_\__, | / / / /
 =========|_|==============|___/=/_/_/_/

 :: Spring Boot ::                (v3.3.1)

2024-07-08T16:55:13.445+01:00  INFO 215170 --- [HNG-Stage-2] [           main] t.sgcor.hng.user.UserIntegrationTest     : Starting UserIntegrationTest using Java 20.0.2 with PID 215170 (started by seguser in /home/seguser/Lurldgbodex/HNG/web/backend/HNG-Stage-2)
2024-07-08T16:55:13.446+01:00  INFO 215170 --- [HNG-Stage-2] [           main] t.sgcor.hng.user.UserIntegrationTest     : No active profile set, falling back to 1 default profile: "default"
2024-07-08T16:55:16.751+01:00  INFO 215170 --- [HNG-Stage-2] [           main] .s.d.r.c.RepositoryConfigurationDelegate : Bootstrapping Spring Data JPA repositories in DEFAULT mode.
2024-07-08T16:55:16.978+01:00  INFO 215170 --- [HNG-Stage-2] [           main] .s.d.r.c.RepositoryConfigurationDelegate : Finished Spring Data repository scanning in 195 ms. Found 2 JPA repository interfaces.
2024-07-08T16:55:17.384+01:00  INFO 215170 --- [HNG-Stage-2] [           main] beddedDataSourceBeanFactoryPostProcessor : Replacing 'dataSource' DataSource bean with embedded version
2024-07-08T16:55:19.719+01:00  INFO 215170 --- [HNG-Stage-2] [           main] o.s.b.w.embedded.tomcat.TomcatWebServer  : Tomcat initialized with port 0 (http)
2024-07-08T16:55:19.783+01:00  INFO 215170 --- [HNG-Stage-2] [           main] o.apache.catalina.core.StandardService   : Starting service [Tomcat]
2024-07-08T16:55:19.784+01:00  INFO 215170 --- [HNG-Stage-2] [           main] o.apache.catalina.core.StandardEngine    : Starting Servlet engine: [Apache Tomcat/10.1.25]
2024-07-08T16:55:20.035+01:00  INFO 215170 --- [HNG-Stage-2] [           main] o.a.c.c.C.[Tomcat].[localhost].[/]       : Initializing Spring embedded WebApplicationContext
2024-07-08T16:55:20.040+01:00  INFO 215170 --- [HNG-Stage-2] [           main] w.s.c.ServletWebServerApplicationContext : Root WebApplicationContext: initialization completed in 6584 ms
2024-07-08T16:55:20.953+01:00  INFO 215170 --- [HNG-Stage-2] [           main] o.s.j.d.e.EmbeddedDatabaseFactory        : Starting embedded database: url='jdbc:h2:mem:bc32b1a2-59fb-4dc6-815b-9af68ac1fb4a;DB_CLOSE_DELAY=-1;DB_CLOSE_ON_EXIT=false', username='sa'
2024-07-08T16:55:21.287+01:00  INFO 215170 --- [HNG-Stage-2] [           main] o.hibernate.jpa.internal.util.LogHelper  : HHH000204: Processing PersistenceUnitInfo [name: default]
2024-07-08T16:55:21.317+01:00  INFO 215170 --- [HNG-Stage-2] [           main] o.h.c.internal.RegionFactoryInitiator    : HHH000026: Second-level cache disabled
2024-07-08T16:55:21.428+01:00  INFO 215170 --- [HNG-Stage-2] [           main] o.s.o.j.p.SpringPersistenceUnitInfo      : No LoadTimeWeaver setup: ignoring JPA class transformer
2024-07-08T16:55:22.380+01:00  INFO 215170 --- [HNG-Stage-2] [           main] o.h.e.t.j.p.i.JtaPlatformInitiator       : HHH000489: No JTA platform available (set 'hibernate.transaction.jta.platform' to enable JTA platform integration)
2024-07-08T16:55:22.468+01:00  INFO 215170 --- [HNG-Stage-2] [           main] j.LocalContainerEntityManagerFactoryBean : Initialized JPA EntityManagerFactory for persistence unit 'default'
2024-07-08T16:55:24.214+01:00  WARN 215170 --- [HNG-Stage-2] [           main] JpaBaseConfiguration$JpaWebConfiguration : spring.jpa.open-in-view is enabled by default. Therefore, database queries may be performed during view rendering. Explicitly configure spring.jpa.open-in-view to disable this warning
2024-07-08T16:55:24.527+01:00  INFO 215170 --- [HNG-Stage-2] [           main] eAuthenticationProviderManagerConfigurer : Global AuthenticationManager configured with AuthenticationProvider bean with name authProvider
2024-07-08T16:55:24.529+01:00  WARN 215170 --- [HNG-Stage-2] [           main] r$InitializeUserDetailsManagerConfigurer : Global AuthenticationManager configured with an AuthenticationProvider bean. UserDetailsService beans will not be used for username/password login. Consider removing the AuthenticationProvider bean. Alternatively, consider using the UserDetailsService in a manually instantiated DaoAuthenticationProvider.
2024-07-08T16:55:25.836+01:00  INFO 215170 --- [HNG-Stage-2] [           main] o.s.b.a.e.web.EndpointLinksResolver      : Exposing 0 endpoints beneath base path '/actuator'
2024-07-08T16:55:28.854+01:00  INFO 215170 --- [HNG-Stage-2] [           main] o.s.b.w.embedded.tomcat.TomcatWebServer  : Tomcat started on port 38069 (http) with context path '/'
2024-07-08T16:55:28.934+01:00  INFO 215170 --- [HNG-Stage-2] [           main] t.sgcor.hng.user.UserIntegrationTest     : Started UserIntegrationTest in 15.773 seconds (process running for 86.923)
2024-07-08T16:55:31.928+01:00  INFO 215170 --- [HNG-Stage-2] [o-auto-1-exec-1] o.a.c.c.C.[Tomcat].[localhost].[/]       : Initializing Spring DispatcherServlet 'dispatcherServlet'
2024-07-08T16:55:31.929+01:00  INFO 215170 --- [HNG-Stage-2] [o-auto-1-exec-1] o.s.web.servlet.DispatcherServlet        : Initializing Servlet 'dispatcherServlet'
2024-07-08T16:55:31.933+01:00  INFO 215170 --- [HNG-Stage-2] [o-auto-1-exec-1] o.s.web.servlet.DispatcherServlet        : Completed initialization in 3 ms
2024-07-08T16:55:32.834+01:00  INFO 215170 --- [HNG-Stage-2] [           main] j.LocalContainerEntityManagerFactoryBean : Closing JPA EntityManagerFactory for persistence unit 'default'
]]></system-out>
  </testcase>
  <testcase name="shouldNotRegisterUserWhenMissingFields" classname="tech.sgcor.hng.user.UserIntegrationTest" time="2.035">
    <system-out><![CDATA[
  .   ____          _            __ _ _
 /\\ / ___'_ __ _ _(_)_ __  __ _ \ \ \ \
( ( )\___ | '_ | '_| | '_ \/ _` | \ \ \ \
 \\/  ___)| |_)| | | | | || (_| |  ) ) ) )
  '  |____| .__|_| |_|_| |_\__, | / / / /
 =========|_|==============|___/=/_/_/_/

 :: Spring Boot ::                (v3.3.1)

2024-07-08T16:55:32.937+01:00  INFO 215170 --- [HNG-Stage-2] [           main] t.sgcor.hng.user.UserIntegrationTest     : Starting UserIntegrationTest using Java 20.0.2 with PID 215170 (started by seguser in /home/seguser/Lurldgbodex/HNG/web/backend/HNG-Stage-2)
2024-07-08T16:55:32.938+01:00  INFO 215170 --- [HNG-Stage-2] [           main] t.sgcor.hng.user.UserIntegrationTest     : No active profile set, falling back to 1 default profile: "default"
2024-07-08T16:55:34.600+01:00  INFO 215170 --- [HNG-Stage-2] [           main] .s.d.r.c.RepositoryConfigurationDelegate : Bootstrapping Spring Data JPA repositories in DEFAULT mode.
2024-07-08T16:55:34.626+01:00  INFO 215170 --- [HNG-Stage-2] [           main] .s.d.r.c.RepositoryConfigurationDelegate : Finished Spring Data repository scanning in 25 ms. Found 2 JPA repository interfaces.
2024-07-08T16:55:34.764+01:00  INFO 215170 --- [HNG-Stage-2] [           main] beddedDataSourceBeanFactoryPostProcessor : Replacing 'dataSource' DataSource bean with embedded version
2024-07-08T16:55:35.720+01:00  INFO 215170 --- [HNG-Stage-2] [           main] o.s.b.w.embedded.tomcat.TomcatWebServer  : Tomcat initialized with port 0 (http)
2024-07-08T16:55:35.766+01:00  INFO 215170 --- [HNG-Stage-2] [           main] o.apache.catalina.core.StandardService   : Starting service [Tomcat]
2024-07-08T16:55:35.767+01:00  INFO 215170 --- [HNG-Stage-2] [           main] o.apache.catalina.core.StandardEngine    : Starting Servlet engine: [Apache Tomcat/10.1.25]
2024-07-08T16:55:35.906+01:00  INFO 215170 --- [HNG-Stage-2] [           main] o.a.c.c.C.[Tomcat].[localhost].[/]       : Initializing Spring embedded WebApplicationContext
2024-07-08T16:55:35.907+01:00  INFO 215170 --- [HNG-Stage-2] [           main] w.s.c.ServletWebServerApplicationContext : Root WebApplicationContext: initialization completed in 2964 ms
2024-07-08T16:55:36.237+01:00  INFO 215170 --- [HNG-Stage-2] [           main] o.s.j.d.e.EmbeddedDatabaseFactory        : Starting embedded database: url='jdbc:h2:mem:d6d4a214-2a83-4905-a596-2cba102a6d20;DB_CLOSE_DELAY=-1;DB_CLOSE_ON_EXIT=false', username='sa'
2024-07-08T16:55:36.541+01:00  INFO 215170 --- [HNG-Stage-2] [           main] o.hibernate.jpa.internal.util.LogHelper  : HHH000204: Processing PersistenceUnitInfo [name: default]
2024-07-08T16:55:36.587+01:00  INFO 215170 --- [HNG-Stage-2] [           main] o.h.c.internal.RegionFactoryInitiator    : HHH000026: Second-level cache disabled
2024-07-08T16:55:36.611+01:00  INFO 215170 --- [HNG-Stage-2] [           main] o.s.o.j.p.SpringPersistenceUnitInfo      : No LoadTimeWeaver setup: ignoring JPA class transformer
2024-07-08T16:55:37.368+01:00  INFO 215170 --- [HNG-Stage-2] [           main] o.h.e.t.j.p.i.JtaPlatformInitiator       : HHH000489: No JTA platform available (set 'hibernate.transaction.jta.platform' to enable JTA platform integration)
2024-07-08T16:55:37.413+01:00  INFO 215170 --- [HNG-Stage-2] [           main] j.LocalContainerEntityManagerFactoryBean : Initialized JPA EntityManagerFactory for persistence unit 'default'
2024-07-08T16:55:38.353+01:00  WARN 215170 --- [HNG-Stage-2] [           main] JpaBaseConfiguration$JpaWebConfiguration : spring.jpa.open-in-view is enabled by default. Therefore, database queries may be performed during view rendering. Explicitly configure spring.jpa.open-in-view to disable this warning
2024-07-08T16:55:38.585+01:00  INFO 215170 --- [HNG-Stage-2] [           main] eAuthenticationProviderManagerConfigurer : Global AuthenticationManager configured with AuthenticationProvider bean with name authProvider
2024-07-08T16:55:38.586+01:00  WARN 215170 --- [HNG-Stage-2] [           main] r$InitializeUserDetailsManagerConfigurer : Global AuthenticationManager configured with an AuthenticationProvider bean. UserDetailsService beans will not be used for username/password login. Consider removing the AuthenticationProvider bean. Alternatively, consider using the UserDetailsService in a manually instantiated DaoAuthenticationProvider.
2024-07-08T16:55:39.440+01:00  INFO 215170 --- [HNG-Stage-2] [           main] o.s.b.a.e.web.EndpointLinksResolver      : Exposing 0 endpoints beneath base path '/actuator'
2024-07-08T16:55:41.179+01:00  INFO 215170 --- [HNG-Stage-2] [           main] o.s.b.w.embedded.tomcat.TomcatWebServer  : Tomcat started on port 37053 (http) with context path '/'
2024-07-08T16:55:41.200+01:00  INFO 215170 --- [HNG-Stage-2] [           main] t.sgcor.hng.user.UserIntegrationTest     : Started UserIntegrationTest in 8.346 seconds (process running for 99.189)
2024-07-08T16:55:42.625+01:00  INFO 215170 --- [HNG-Stage-2] [o-auto-2-exec-1] o.a.c.c.C.[Tomcat].[localhost].[/]       : Initializing Spring DispatcherServlet 'dispatcherServlet'
2024-07-08T16:55:42.626+01:00  INFO 215170 --- [HNG-Stage-2] [o-auto-2-exec-1] o.s.web.servlet.DispatcherServlet        : Initializing Servlet 'dispatcherServlet'
2024-07-08T16:55:42.628+01:00  INFO 215170 --- [HNG-Stage-2] [o-auto-2-exec-1] o.s.web.servlet.DispatcherServlet        : Completed initialization in 2 ms
2024-07-08T16:55:43.200+01:00  INFO 215170 --- [HNG-Stage-2] [           main] j.LocalContainerEntityManagerFactoryBean : Closing JPA EntityManagerFactory for persistence unit 'default'
]]></system-out>
  </testcase>
  <testcase name="shouldNotRegisterWhenUserWithEmailExist" classname="tech.sgcor.hng.user.UserIntegrationTest" time="1.183">
    <system-out><![CDATA[
  .   ____          _            __ _ _
 /\\ / ___'_ __ _ _(_)_ __  __ _ \ \ \ \
( ( )\___ | '_ | '_| | '_ \/ _` | \ \ \ \
 \\/  ___)| |_)| | | | | || (_| |  ) ) ) )
  '  |____| .__|_| |_|_| |_\__, | / / / /
 =========|_|==============|___/=/_/_/_/

 :: Spring Boot ::                (v3.3.1)

2024-07-08T16:55:43.385+01:00  INFO 215170 --- [HNG-Stage-2] [           main] t.sgcor.hng.user.UserIntegrationTest     : Starting UserIntegrationTest using Java 20.0.2 with PID 215170 (started by seguser in /home/seguser/Lurldgbodex/HNG/web/backend/HNG-Stage-2)
2024-07-08T16:55:43.386+01:00  INFO 215170 --- [HNG-Stage-2] [           main] t.sgcor.hng.user.UserIntegrationTest     : No active profile set, falling back to 1 default profile: "default"
2024-07-08T16:55:45.200+01:00  INFO 215170 --- [HNG-Stage-2] [           main] .s.d.r.c.RepositoryConfigurationDelegate : Bootstrapping Spring Data JPA repositories in DEFAULT mode.
2024-07-08T16:55:45.261+01:00  INFO 215170 --- [HNG-Stage-2] [           main] .s.d.r.c.RepositoryConfigurationDelegate : Finished Spring Data repository scanning in 59 ms. Found 2 JPA repository interfaces.
2024-07-08T16:55:45.643+01:00  INFO 215170 --- [HNG-Stage-2] [           main] beddedDataSourceBeanFactoryPostProcessor : Replacing 'dataSource' DataSource bean with embedded version
2024-07-08T16:55:46.151+01:00  INFO 215170 --- [HNG-Stage-2] [           main] o.s.b.w.embedded.tomcat.TomcatWebServer  : Tomcat initialized with port 0 (http)
2024-07-08T16:55:46.153+01:00  INFO 215170 --- [HNG-Stage-2] [           main] o.apache.catalina.core.StandardService   : Starting service [Tomcat]
2024-07-08T16:55:46.153+01:00  INFO 215170 --- [HNG-Stage-2] [           main] o.apache.catalina.core.StandardEngine    : Starting Servlet engine: [Apache Tomcat/10.1.25]
2024-07-08T16:55:46.253+01:00  INFO 215170 --- [HNG-Stage-2] [           main] o.a.c.c.C.[Tomcat].[localhost].[/]       : Initializing Spring embedded WebApplicationContext
2024-07-08T16:55:46.278+01:00  INFO 215170 --- [HNG-Stage-2] [           main] w.s.c.ServletWebServerApplicationContext : Root WebApplicationContext: initialization completed in 2861 ms
2024-07-08T16:55:46.686+01:00  INFO 215170 --- [HNG-Stage-2] [           main] o.s.j.d.e.EmbeddedDatabaseFactory        : Starting embedded database: url='jdbc:h2:mem:e7a3d08f-7665-477c-be5f-502aeb762da4;DB_CLOSE_DELAY=-1;DB_CLOSE_ON_EXIT=false', username='sa'
2024-07-08T16:55:46.857+01:00  INFO 215170 --- [HNG-Stage-2] [           main] o.hibernate.jpa.internal.util.LogHelper  : HHH000204: Processing PersistenceUnitInfo [name: default]
2024-07-08T16:55:46.862+01:00  INFO 215170 --- [HNG-Stage-2] [           main] o.h.c.internal.RegionFactoryInitiator    : HHH000026: Second-level cache disabled
2024-07-08T16:55:46.884+01:00  INFO 215170 --- [HNG-Stage-2] [           main] o.s.o.j.p.SpringPersistenceUnitInfo      : No LoadTimeWeaver setup: ignoring JPA class transformer
2024-07-08T16:55:47.434+01:00  INFO 215170 --- [HNG-Stage-2] [           main] o.h.e.t.j.p.i.JtaPlatformInitiator       : HHH000489: No JTA platform available (set 'hibernate.transaction.jta.platform' to enable JTA platform integration)
2024-07-08T16:55:47.496+01:00  INFO 215170 --- [HNG-Stage-2] [           main] j.LocalContainerEntityManagerFactoryBean : Initialized JPA EntityManagerFactory for persistence unit 'default'
2024-07-08T16:55:48.103+01:00  WARN 215170 --- [HNG-Stage-2] [           main] JpaBaseConfiguration$JpaWebConfiguration : spring.jpa.open-in-view is enabled by default. Therefore, database queries may be performed during view rendering. Explicitly configure spring.jpa.open-in-view to disable this warning
2024-07-08T16:55:48.184+01:00  INFO 215170 --- [HNG-Stage-2] [           main] eAuthenticationProviderManagerConfigurer : Global AuthenticationManager configured with AuthenticationProvider bean with name authProvider
2024-07-08T16:55:48.184+01:00  WARN 215170 --- [HNG-Stage-2] [           main] r$InitializeUserDetailsManagerConfigurer : Global AuthenticationManager configured with an AuthenticationProvider bean. UserDetailsService beans will not be used for username/password login. Consider removing the AuthenticationProvider bean. Alternatively, consider using the UserDetailsService in a manually instantiated DaoAuthenticationProvider.
2024-07-08T16:55:48.966+01:00  INFO 215170 --- [HNG-Stage-2] [           main] o.s.b.a.e.web.EndpointLinksResolver      : Exposing 0 endpoints beneath base path '/actuator'
2024-07-08T16:55:50.601+01:00  INFO 215170 --- [HNG-Stage-2] [           main] o.s.b.w.embedded.tomcat.TomcatWebServer  : Tomcat started on port 44655 (http) with context path '/'
2024-07-08T16:55:50.658+01:00  INFO 215170 --- [HNG-Stage-2] [           main] t.sgcor.hng.user.UserIntegrationTest     : Started UserIntegrationTest in 7.385 seconds (process running for 108.648)
2024-07-08T16:55:51.585+01:00  INFO 215170 --- [HNG-Stage-2] [o-auto-3-exec-1] o.a.c.c.C.[Tomcat].[localhost].[/]       : Initializing Spring DispatcherServlet 'dispatcherServlet'
2024-07-08T16:55:51.585+01:00  INFO 215170 --- [HNG-Stage-2] [o-auto-3-exec-1] o.s.web.servlet.DispatcherServlet        : Initializing Servlet 'dispatcherServlet'
2024-07-08T16:55:51.588+01:00  INFO 215170 --- [HNG-Stage-2] [o-auto-3-exec-1] o.s.web.servlet.DispatcherServlet        : Completed initialization in 2 ms
2024-07-08T16:55:51.822+01:00  INFO 215170 --- [HNG-Stage-2] [           main] j.LocalContainerEntityManagerFactoryBean : Closing JPA EntityManagerFactory for persistence unit 'default'
]]></system-out>
  </testcase>
  <testcase name="ShouldRegisterUserTest" classname="tech.sgcor.hng.user.UserIntegrationTest" time="1.146">
    <system-out><![CDATA[
  .   ____          _            __ _ _
 /\\ / ___'_ __ _ _(_)_ __  __ _ \ \ \ \
( ( )\___ | '_ | '_| | '_ \/ _` | \ \ \ \
 \\/  ___)| |_)| | | | | || (_| |  ) ) ) )
  '  |____| .__|_| |_|_| |_\__, | / / / /
 =========|_|==============|___/=/_/_/_/

 :: Spring Boot ::                (v3.3.1)

2024-07-08T16:55:51.996+01:00  INFO 215170 --- [HNG-Stage-2] [           main] t.sgcor.hng.user.UserIntegrationTest     : Starting UserIntegrationTest using Java 20.0.2 with PID 215170 (started by seguser in /home/seguser/Lurldgbodex/HNG/web/backend/HNG-Stage-2)
2024-07-08T16:55:51.997+01:00  INFO 215170 --- [HNG-Stage-2] [           main] t.sgcor.hng.user.UserIntegrationTest     : No active profile set, falling back to 1 default profile: "default"
2024-07-08T16:55:53.427+01:00  INFO 215170 --- [HNG-Stage-2] [           main] .s.d.r.c.RepositoryConfigurationDelegate : Bootstrapping Spring Data JPA repositories in DEFAULT mode.
2024-07-08T16:55:53.521+01:00  INFO 215170 --- [HNG-Stage-2] [           main] .s.d.r.c.RepositoryConfigurationDelegate : Finished Spring Data repository scanning in 91 ms. Found 2 JPA repository interfaces.
2024-07-08T16:55:53.650+01:00  INFO 215170 --- [HNG-Stage-2] [           main] beddedDataSourceBeanFactoryPostProcessor : Replacing 'dataSource' DataSource bean with embedded version
2024-07-08T16:55:54.189+01:00  INFO 215170 --- [HNG-Stage-2] [           main] o.s.b.w.embedded.tomcat.TomcatWebServer  : Tomcat initialized with port 0 (http)
2024-07-08T16:55:54.191+01:00  INFO 215170 --- [HNG-Stage-2] [           main] o.apache.catalina.core.StandardService   : Starting service [Tomcat]
2024-07-08T16:55:54.191+01:00  INFO 215170 --- [HNG-Stage-2] [           main] o.apache.catalina.core.StandardEngine    : Starting Servlet engine: [Apache Tomcat/10.1.25]
2024-07-08T16:55:54.220+01:00  INFO 215170 --- [HNG-Stage-2] [           main] o.a.c.c.C.[Tomcat].[localhost].[/]       : Initializing Spring embedded WebApplicationContext
2024-07-08T16:55:54.220+01:00  INFO 215170 --- [HNG-Stage-2] [           main] w.s.c.ServletWebServerApplicationContext : Root WebApplicationContext: initialization completed in 2217 ms
2024-07-08T16:55:54.654+01:00  INFO 215170 --- [HNG-Stage-2] [           main] o.s.j.d.e.EmbeddedDatabaseFactory        : Starting embedded database: url='jdbc:h2:mem:e4c9709d-e30c-4dc6-8afb-ad06d23a9186;DB_CLOSE_DELAY=-1;DB_CLOSE_ON_EXIT=false', username='sa'
2024-07-08T16:55:55.004+01:00  INFO 215170 --- [HNG-Stage-2] [           main] o.hibernate.jpa.internal.util.LogHelper  : HHH000204: Processing PersistenceUnitInfo [name: default]
2024-07-08T16:55:55.010+01:00  INFO 215170 --- [HNG-Stage-2] [           main] o.h.c.internal.RegionFactoryInitiator    : HHH000026: Second-level cache disabled
2024-07-08T16:55:55.055+01:00  INFO 215170 --- [HNG-Stage-2] [           main] o.s.o.j.p.SpringPersistenceUnitInfo      : No LoadTimeWeaver setup: ignoring JPA class transformer
2024-07-08T16:55:56.674+01:00  INFO 215170 --- [HNG-Stage-2] [           main] o.h.e.t.j.p.i.JtaPlatformInitiator       : HHH000489: No JTA platform available (set 'hibernate.transaction.jta.platform' to enable JTA platform integration)
2024-07-08T16:55:56.860+01:00  INFO 215170 --- [HNG-Stage-2] [           main] j.LocalContainerEntityManagerFactoryBean : Initialized JPA EntityManagerFactory for persistence unit 'default'
2024-07-08T16:55:58.312+01:00  WARN 215170 --- [HNG-Stage-2] [           main] JpaBaseConfiguration$JpaWebConfiguration : spring.jpa.open-in-view is enabled by default. Therefore, database queries may be performed during view rendering. Explicitly configure spring.jpa.open-in-view to disable this warning
2024-07-08T16:55:58.478+01:00  INFO 215170 --- [HNG-Stage-2] [           main] eAuthenticationProviderManagerConfigurer : Global AuthenticationManager configured with AuthenticationProvider bean with name authProvider
2024-07-08T16:55:58.478+01:00  WARN 215170 --- [HNG-Stage-2] [           main] r$InitializeUserDetailsManagerConfigurer : Global AuthenticationManager configured with an AuthenticationProvider bean. UserDetailsService beans will not be used for username/password login. Consider removing the AuthenticationProvider bean. Alternatively, consider using the UserDetailsService in a manually instantiated DaoAuthenticationProvider.
2024-07-08T16:55:59.432+01:00  INFO 215170 --- [HNG-Stage-2] [           main] o.s.b.a.e.web.EndpointLinksResolver      : Exposing 0 endpoints beneath base path '/actuator'
2024-07-08T16:56:00.498+01:00  INFO 215170 --- [HNG-Stage-2] [           main] o.s.b.w.embedded.tomcat.TomcatWebServer  : Tomcat started on port 44521 (http) with context path '/'
2024-07-08T16:56:00.518+01:00  INFO 215170 --- [HNG-Stage-2] [           main] t.sgcor.hng.user.UserIntegrationTest     : Started UserIntegrationTest in 8.636 seconds (process running for 118.507)
2024-07-08T16:56:01.169+01:00  INFO 215170 --- [HNG-Stage-2] [o-auto-4-exec-1] o.a.c.c.C.[Tomcat].[localhost].[/]       : Initializing Spring DispatcherServlet 'dispatcherServlet'
2024-07-08T16:56:01.170+01:00  INFO 215170 --- [HNG-Stage-2] [o-auto-4-exec-1] o.s.web.servlet.DispatcherServlet        : Initializing Servlet 'dispatcherServlet'
2024-07-08T16:56:01.172+01:00  INFO 215170 --- [HNG-Stage-2] [o-auto-4-exec-1] o.s.web.servlet.DispatcherServlet        : Completed initialization in 2 ms
2024-07-08T16:56:01.482+01:00  INFO 215170 --- [HNG-Stage-2] [o-auto-4-exec-1] t.sgcor.hng.user.service.AuthService     : New User Id: 2
2024-07-08T16:56:01.671+01:00  INFO 215170 --- [HNG-Stage-2] [           main] j.LocalContainerEntityManagerFactoryBean : Closing JPA EntityManagerFactory for persistence unit 'default'
]]></system-out>
  </testcase>
  <testcase name="shouldAuthenticateUserTest" classname="tech.sgcor.hng.user.UserIntegrationTest" time="1.211">
    <system-out><![CDATA[
  .   ____          _            __ _ _
 /\\ / ___'_ __ _ _(_)_ __  __ _ \ \ \ \
( ( )\___ | '_ | '_| | '_ \/ _` | \ \ \ \
 \\/  ___)| |_)| | | | | || (_| |  ) ) ) )
  '  |____| .__|_| |_|_| |_\__, | / / / /
 =========|_|==============|___/=/_/_/_/

 :: Spring Boot ::                (v3.3.1)

2024-07-08T16:56:01.727+01:00  INFO 215170 --- [HNG-Stage-2] [           main] t.sgcor.hng.user.UserIntegrationTest     : Starting UserIntegrationTest using Java 20.0.2 with PID 215170 (started by seguser in /home/seguser/Lurldgbodex/HNG/web/backend/HNG-Stage-2)
2024-07-08T16:56:01.728+01:00  INFO 215170 --- [HNG-Stage-2] [           main] t.sgcor.hng.user.UserIntegrationTest     : No active profile set, falling back to 1 default profile: "default"
2024-07-08T16:56:02.986+01:00  INFO 215170 --- [HNG-Stage-2] [           main] .s.d.r.c.RepositoryConfigurationDelegate : Bootstrapping Spring Data JPA repositories in DEFAULT mode.
2024-07-08T16:56:03.014+01:00  INFO 215170 --- [HNG-Stage-2] [           main] .s.d.r.c.RepositoryConfigurationDelegate : Finished Spring Data repository scanning in 26 ms. Found 2 JPA repository interfaces.
2024-07-08T16:56:03.103+01:00  INFO 215170 --- [HNG-Stage-2] [           main] beddedDataSourceBeanFactoryPostProcessor : Replacing 'dataSource' DataSource bean with embedded version
2024-07-08T16:56:03.461+01:00  INFO 215170 --- [HNG-Stage-2] [           main] o.s.b.w.embedded.tomcat.TomcatWebServer  : Tomcat initialized with port 0 (http)
2024-07-08T16:56:03.462+01:00  INFO 215170 --- [HNG-Stage-2] [           main] o.apache.catalina.core.StandardService   : Starting service [Tomcat]
2024-07-08T16:56:03.463+01:00  INFO 215170 --- [HNG-Stage-2] [           main] o.apache.catalina.core.StandardEngine    : Starting Servlet engine: [Apache Tomcat/10.1.25]
2024-07-08T16:56:03.501+01:00  INFO 215170 --- [HNG-Stage-2] [           main] o.a.c.c.C.[Tomcat].[localhost].[/]       : Initializing Spring embedded WebApplicationContext
2024-07-08T16:56:03.501+01:00  INFO 215170 --- [HNG-Stage-2] [           main] w.s.c.ServletWebServerApplicationContext : Root WebApplicationContext: initialization completed in 1770 ms
2024-07-08T16:56:03.792+01:00  INFO 215170 --- [HNG-Stage-2] [           main] o.s.j.d.e.EmbeddedDatabaseFactory        : Starting embedded database: url='jdbc:h2:mem:875c294d-3e86-4cfb-b8a4-69874a8b8da8;DB_CLOSE_DELAY=-1;DB_CLOSE_ON_EXIT=false', username='sa'
2024-07-08T16:56:03.973+01:00  INFO 215170 --- [HNG-Stage-2] [           main] o.hibernate.jpa.internal.util.LogHelper  : HHH000204: Processing PersistenceUnitInfo [name: default]
2024-07-08T16:56:03.979+01:00  INFO 215170 --- [HNG-Stage-2] [           main] o.h.c.internal.RegionFactoryInitiator    : HHH000026: Second-level cache disabled
2024-07-08T16:56:04.030+01:00  INFO 215170 --- [HNG-Stage-2] [           main] o.s.o.j.p.SpringPersistenceUnitInfo      : No LoadTimeWeaver setup: ignoring JPA class transformer
2024-07-08T16:56:04.343+01:00  INFO 215170 --- [HNG-Stage-2] [           main] o.h.e.t.j.p.i.JtaPlatformInitiator       : HHH000489: No JTA platform available (set 'hibernate.transaction.jta.platform' to enable JTA platform integration)
2024-07-08T16:56:04.360+01:00  INFO 215170 --- [HNG-Stage-2] [           main] j.LocalContainerEntityManagerFactoryBean : Initialized JPA EntityManagerFactory for persistence unit 'default'
2024-07-08T16:56:04.885+01:00  WARN 215170 --- [HNG-Stage-2] [           main] JpaBaseConfiguration$JpaWebConfiguration : spring.jpa.open-in-view is enabled by default. Therefore, database queries may be performed during view rendering. Explicitly configure spring.jpa.open-in-view to disable this warning
2024-07-08T16:56:04.953+01:00  INFO 215170 --- [HNG-Stage-2] [           main] eAuthenticationProviderManagerConfigurer : Global AuthenticationManager configured with AuthenticationProvider bean with name authProvider
2024-07-08T16:56:04.978+01:00  WARN 215170 --- [HNG-Stage-2] [           main] r$InitializeUserDetailsManagerConfigurer : Global AuthenticationManager configured with an AuthenticationProvider bean. UserDetailsService beans will not be used for username/password login. Consider removing the AuthenticationProvider bean. Alternatively, consider using the UserDetailsService in a manually instantiated DaoAuthenticationProvider.
2024-07-08T16:56:05.601+01:00  INFO 215170 --- [HNG-Stage-2] [           main] o.s.b.a.e.web.EndpointLinksResolver      : Exposing 0 endpoints beneath base path '/actuator'
2024-07-08T16:56:07.179+01:00  INFO 215170 --- [HNG-Stage-2] [           main] o.s.b.w.embedded.tomcat.TomcatWebServer  : Tomcat started on port 44113 (http) with context path '/'
2024-07-08T16:56:07.195+01:00  INFO 215170 --- [HNG-Stage-2] [           main] t.sgcor.hng.user.UserIntegrationTest     : Started UserIntegrationTest in 5.512 seconds (process running for 125.184)
2024-07-08T16:56:08.035+01:00  INFO 215170 --- [HNG-Stage-2] [o-auto-5-exec-1] o.a.c.c.C.[Tomcat].[localhost].[/]       : Initializing Spring DispatcherServlet 'dispatcherServlet'
2024-07-08T16:56:08.036+01:00  INFO 215170 --- [HNG-Stage-2] [o-auto-5-exec-1] o.s.web.servlet.DispatcherServlet        : Initializing Servlet 'dispatcherServlet'
2024-07-08T16:56:08.038+01:00  INFO 215170 --- [HNG-Stage-2] [o-auto-5-exec-1] o.s.web.servlet.DispatcherServlet        : Completed initialization in 2 ms
2024-07-08T16:56:08.415+01:00  INFO 215170 --- [HNG-Stage-2] [           main] j.LocalContainerEntityManagerFactoryBean : Closing JPA EntityManagerFactory for persistence unit 'default'
]]></system-out>
  </testcase>
  <testcase name="shouldNotAuthenticateWhenMissingField" classname="tech.sgcor.hng.user.UserIntegrationTest" time="1.134">
    <system-out><![CDATA[
  .   ____          _            __ _ _
 /\\ / ___'_ __ _ _(_)_ __  __ _ \ \ \ \
( ( )\___ | '_ | '_| | '_ \/ _` | \ \ \ \
 \\/  ___)| |_)| | | | | || (_| |  ) ) ) )
  '  |____| .__|_| |_|_| |_\__, | / / / /
 =========|_|==============|___/=/_/_/_/

 :: Spring Boot ::                (v3.3.1)

2024-07-08T16:56:08.510+01:00  INFO 215170 --- [HNG-Stage-2] [           main] t.sgcor.hng.user.UserIntegrationTest     : Starting UserIntegrationTest using Java 20.0.2 with PID 215170 (started by seguser in /home/seguser/Lurldgbodex/HNG/web/backend/HNG-Stage-2)
2024-07-08T16:56:08.511+01:00  INFO 215170 --- [HNG-Stage-2] [           main] t.sgcor.hng.user.UserIntegrationTest     : No active profile set, falling back to 1 default profile: "default"
2024-07-08T16:56:09.857+01:00  INFO 215170 --- [HNG-Stage-2] [           main] .s.d.r.c.RepositoryConfigurationDelegate : Bootstrapping Spring Data JPA repositories in DEFAULT mode.
2024-07-08T16:56:09.957+01:00  INFO 215170 --- [HNG-Stage-2] [           main] .s.d.r.c.RepositoryConfigurationDelegate : Finished Spring Data repository scanning in 99 ms. Found 2 JPA repository interfaces.
2024-07-08T16:56:10.270+01:00  INFO 215170 --- [HNG-Stage-2] [           main] beddedDataSourceBeanFactoryPostProcessor : Replacing 'dataSource' DataSource bean with embedded version
2024-07-08T16:56:10.835+01:00  INFO 215170 --- [HNG-Stage-2] [           main] o.s.b.w.embedded.tomcat.TomcatWebServer  : Tomcat initialized with port 0 (http)
2024-07-08T16:56:10.838+01:00  INFO 215170 --- [HNG-Stage-2] [           main] o.apache.catalina.core.StandardService   : Starting service [Tomcat]
2024-07-08T16:56:10.839+01:00  INFO 215170 --- [HNG-Stage-2] [           main] o.apache.catalina.core.StandardEngine    : Starting Servlet engine: [Apache Tomcat/10.1.25]
2024-07-08T16:56:10.904+01:00  INFO 215170 --- [HNG-Stage-2] [           main] o.a.c.c.C.[Tomcat].[localhost].[/]       : Initializing Spring embedded WebApplicationContext
2024-07-08T16:56:10.905+01:00  INFO 215170 --- [HNG-Stage-2] [           main] w.s.c.ServletWebServerApplicationContext : Root WebApplicationContext: initialization completed in 2389 ms
2024-07-08T16:56:11.284+01:00  INFO 215170 --- [HNG-Stage-2] [           main] o.s.j.d.e.EmbeddedDatabaseFactory        : Starting embedded database: url='jdbc:h2:mem:cee93052-bb7c-4d07-8ac4-6e7da1d70f49;DB_CLOSE_DELAY=-1;DB_CLOSE_ON_EXIT=false', username='sa'
2024-07-08T16:56:11.461+01:00  INFO 215170 --- [HNG-Stage-2] [           main] o.hibernate.jpa.internal.util.LogHelper  : HHH000204: Processing PersistenceUnitInfo [name: default]
2024-07-08T16:56:11.525+01:00  INFO 215170 --- [HNG-Stage-2] [           main] o.h.c.internal.RegionFactoryInitiator    : HHH000026: Second-level cache disabled
2024-07-08T16:56:11.603+01:00  INFO 215170 --- [HNG-Stage-2] [           main] o.s.o.j.p.SpringPersistenceUnitInfo      : No LoadTimeWeaver setup: ignoring JPA class transformer
2024-07-08T16:56:12.181+01:00  INFO 215170 --- [HNG-Stage-2] [           main] o.h.e.t.j.p.i.JtaPlatformInitiator       : HHH000489: No JTA platform available (set 'hibernate.transaction.jta.platform' to enable JTA platform integration)
2024-07-08T16:56:12.198+01:00  INFO 215170 --- [HNG-Stage-2] [           main] j.LocalContainerEntityManagerFactoryBean : Initialized JPA EntityManagerFactory for persistence unit 'default'
2024-07-08T16:56:12.698+01:00  WARN 215170 --- [HNG-Stage-2] [           main] JpaBaseConfiguration$JpaWebConfiguration : spring.jpa.open-in-view is enabled by default. Therefore, database queries may be performed during view rendering. Explicitly configure spring.jpa.open-in-view to disable this warning
2024-07-08T16:56:12.762+01:00  INFO 215170 --- [HNG-Stage-2] [           main] eAuthenticationProviderManagerConfigurer : Global AuthenticationManager configured with AuthenticationProvider bean with name authProvider
2024-07-08T16:56:12.763+01:00  WARN 215170 --- [HNG-Stage-2] [           main] r$InitializeUserDetailsManagerConfigurer : Global AuthenticationManager configured with an AuthenticationProvider bean. UserDetailsService beans will not be used for username/password login. Consider removing the AuthenticationProvider bean. Alternatively, consider using the UserDetailsService in a manually instantiated DaoAuthenticationProvider.
2024-07-08T16:56:13.605+01:00  INFO 215170 --- [HNG-Stage-2] [           main] o.s.b.a.e.web.EndpointLinksResolver      : Exposing 0 endpoints beneath base path '/actuator'
2024-07-08T16:56:14.755+01:00  INFO 215170 --- [HNG-Stage-2] [           main] o.s.b.w.embedded.tomcat.TomcatWebServer  : Tomcat started on port 44609 (http) with context path '/'
2024-07-08T16:56:14.803+01:00  INFO 215170 --- [HNG-Stage-2] [           main] t.sgcor.hng.user.UserIntegrationTest     : Started UserIntegrationTest in 6.378 seconds (process running for 132.793)
2024-07-08T16:56:15.681+01:00  INFO 215170 --- [HNG-Stage-2] [o-auto-6-exec-1] o.a.c.c.C.[Tomcat].[localhost].[/]       : Initializing Spring DispatcherServlet 'dispatcherServlet'
2024-07-08T16:56:15.682+01:00  INFO 215170 --- [HNG-Stage-2] [o-auto-6-exec-1] o.s.web.servlet.DispatcherServlet        : Initializing Servlet 'dispatcherServlet'
2024-07-08T16:56:15.684+01:00  INFO 215170 --- [HNG-Stage-2] [o-auto-6-exec-1] o.s.web.servlet.DispatcherServlet        : Completed initialization in 2 ms
2024-07-08T16:56:15.922+01:00  INFO 215170 --- [HNG-Stage-2] [           main] j.LocalContainerEntityManagerFactoryBean : Closing JPA EntityManagerFactory for persistence unit 'default'
]]></system-out>
  </testcase>
</testsuite>